Arguments: 
  C:\Program Files\nodejs\node.exe C:\Users\acer\AppData\Roaming\npm\node_modules\yarn\bin\yarn.js add -D @vuepress/active-header-links

PATH: 
  C:\go\bin;C:\Program Files (x86)\NetSarang\Xftp 6\;C:\Program Files (x86)\NetSarang\Xshell 6\;C:\Program Files (x86)\Common Files\Oracle\Java\javapath;C:\Program Files (x86)\Intel\iCLS Client\;C:\Program Files\Intel\iCLS Client\;C:\Windows\system32;C:\Windows;C:\Windows\System32\Wbem;C:\Windows\System32\WindowsPowerShell\v1.0\;C:\Program Files (x86)\Intel\Intel(R) Management Engine Components\DAL;C:\Program Files\Intel\Intel(R) Management Engine Components\DAL;C:\Program Files (x86)\Intel\Intel(R) Management Engine Components\IPT;C:\Program Files\Intel\Intel(R) Management Engine Components\IPT;C:\Program Files\Intel\WiFi\bin\;C:\Program Files\Common Files\Intel\WirelessCommon\;C:\Program Files\Java\jdk1.6.0_45;C:\windows\system32;C:\windows;C:\windows\System32\Wbem;C:\windows\System32\WindowsPowerShell\v1.0\;C:\windows\System32\OpenSSH\;E:\Git\cmd;C:\Program Files\MongoDB\Server\4.0\bin;C:\Users\acer\AppData\Roaming\npm\node_modules\@vue\cli-init\node_modules\.bin;E:\cmder;C:\Program Files (x86)\AOMEI Backupper;C:\Program Files\MacType;E:\adt-bundle-windows-x86_64-20130219\sdk\platform-tools;E:\learnGo\bin;C:\Program Files (x86)\NVIDIA Corporation\PhysX\Common;C:\Program Files\NVIDIA Corporation\NVIDIA NvDLISR;D:\nvm;C:\Program Files\nodejs;C:\Users\acer\AppData\Local\Programs\Python\Python39\Scripts\;C:\Users\acer\AppData\Local\Programs\Python\Python39\;C:\Users\acer\AppData\Local\Programs\Python\Python38\Scripts\;C:\Users\acer\AppData\Local\Programs\Python\Python38\;C:\Program Files\MySQL\MySQL Shell 8.0\bin\;C:\Ruby25-x64\bin;C:\Users\acer\AppData\Local\Microsoft\WindowsApps;C:\Users\acer\AppData\Local\GitHubDesktop\bin;C:\Users\acer\go\bin;C:\Users\acer\AppData\Local\Programs\Microsoft VS Code\bin;C:\Users\acer\AppData\Roaming\npm;E:\IntelliJ IDEA 2020.3.2\bin;

Yarn version: 
  1.22.10

Node version: 
  12.22.3

Platform: 
  win32 x64

Trace: 
  Error: https://registry.npm.taobao.org/@vuepress%2factive-header-links: Not found
      at Request.params.callback [as _callback] (C:\Users\acer\AppData\Roaming\npm\node_modules\yarn\lib\cli.js:66988:18)
      at Request.self.callback (C:\Users\acer\AppData\Roaming\npm\node_modules\yarn\lib\cli.js:140662:22)
      at Request.emit (events.js:314:20)
      at Request.<anonymous> (C:\Users\acer\AppData\Roaming\npm\node_modules\yarn\lib\cli.js:141634:10)
      at Request.emit (events.js:314:20)
      at IncomingMessage.<anonymous> (C:\Users\acer\AppData\Roaming\npm\node_modules\yarn\lib\cli.js:141556:12)
      at Object.onceWrapper (events.js:420:28)
      at IncomingMessage.emit (events.js:326:22)
      at endReadableNT (_stream_readable.js:1241:12)
      at processTicksAndRejections (internal/process/task_queues.js:84:21)

npm manifest: 
  {
    "name": "feka",
    "version": "2.0.0",
    "description": "Record the front-end knowledge I learned",
    "main": "index.js",
    "repository": "https://github.com/Longgererer/front-end-knowledge-accumulate.git",
    "author": "xiaolong Hao <2072451919@qq.com>",
    "license": "MIT",
    "scripts": {
      "docs:dev": "vuepress dev docs",
      "docs:build": "vuepress build docs"
    },
    "devDependencies": {
      "@snippetors/vuepress-plugin-tabs": "^1.1.0",
      "@vuepress/plugin-docsearch": "^2.0.0-alpha.1",
      "@vuepress/plugin-palette": "^2.0.0-alpha.26",
      "markdown-it-katex": "^2.0.3",
      "vuepress": "^2.0.0-beta.32"
    }
  }

yarn manifest: 
  No manifest

Lockfile: 
  # THIS IS AN AUTOGENERATED FILE. DO NOT EDIT THIS FILE DIRECTLY.
  # yarn lockfile v1
  
  
  "@algolia/autocomplete-core@^1.0.0-alpha.35":
    version "1.5.1"
    resolved "https://registry.npmmirror.com/@algolia/autocomplete-core/download/@algolia/autocomplete-core-1.5.1.tgz#7c6ecc1a1bb8bce0f7c6f04afe16a82457ea2f12"
    integrity sha512-18uRUqR0vSmbKSZxUjo8EJcYLdUZlcpA9LiKMUs7c87aABqib3PFKaTnQYMmM7hpI+FduU3GBvN7EOgLTeaa6g==
    dependencies:
      "@algolia/autocomplete-shared" "1.5.1"
  
  "@algolia/autocomplete-preset-algolia@^1.0.0-alpha.35":
    version "1.5.1"
    resolved "https://registry.npmmirror.com/@algolia/autocomplete-preset-algolia/download/@algolia/autocomplete-preset-algolia-1.5.1.tgz#6aa30eac79ccf06eb274297e4a23ce45e542eb4f"
    integrity sha512-0hgoAHk0StMQkT73aiui+IZEKqkexOTapEowKNSQPB55aLeuC2VKGbhVk5mdrw5juP8TjXLihGovLedv1zTjeA==
    dependencies:
      "@algolia/autocomplete-shared" "1.5.1"
  
  "@algolia/autocomplete-shared@1.5.1":
    version "1.5.1"
    resolved "https://registry.npmmirror.com/@algolia/autocomplete-shared/download/@algolia/autocomplete-shared-1.5.1.tgz#8f71c9b5c8f590f6c900984a7288452f9fbba290"
    integrity sha512-sQjSehycUho+DXz/XRCFyfkvS5ks/t9KXSpeI3TrneaWbY8gxSfKmiabyF8UG5rRYFL2k/mLpFCbYmC0WA70mg==
  
  "@algolia/cache-browser-local-storage@4.11.0":
    version "4.11.0"
    resolved "https://registry.npmmirror.com/@algolia/cache-browser-local-storage/download/@algolia/cache-browser-local-storage-4.11.0.tgz#1c168add00b398a860db6c86039e33b2843a9425"
    integrity sha1-HBaK3QCzmKhg22yGA54zsoQ6lCU=
    dependencies:
      "@algolia/cache-common" "4.11.0"
  
  "@algolia/cache-common@4.11.0":
    version "4.11.0"
    resolved "https://registry.npmmirror.com/@algolia/cache-common/download/@algolia/cache-common-4.11.0.tgz#066fe6d58b18e4b028dbef9bb8de07c5e22a3594"
    integrity sha512-lODcJRuPXqf+6mp0h6bOxPMlbNoyn3VfjBVcQh70EDP0/xExZbkpecgHyyZK4kWg+evu+mmgvTK3GVHnet/xKw==
  
  "@algolia/cache-in-memory@4.11.0":
    version "4.11.0"
    resolved "https://registry.npmmirror.com/@algolia/cache-in-memory/download/@algolia/cache-in-memory-4.11.0.tgz#763c8cb655e6fd2261588e04214fca0959ac07c1"
    integrity sha1-djyMtlXm/SJhWI4EIU/KCVmsB8E=
    dependencies:
      "@algolia/cache-common" "4.11.0"
  
  "@algolia/client-account@4.11.0":
    version "4.11.0"
    resolved "https://registry.npmmirror.com/@algolia/client-account/download/@algolia/client-account-4.11.0.tgz#67fadd3b0802b013ebaaa4b47bb7babae892374e"
    integrity sha1-Z/rdOwgCsBPrqqS0e7e6uuiSN04=
    dependencies:
      "@algolia/client-common" "4.11.0"
      "@algolia/client-search" "4.11.0"
      "@algolia/transporter" "4.11.0"
  
  "@algolia/client-analytics@4.11.0":
    version "4.11.0"
    resolved "https://registry.npmmirror.com/@algolia/client-analytics/download/@algolia/client-analytics-4.11.0.tgz#cbdc8128205e2da749cafc79e54708d14c413974"
    integrity sha1-y9yBKCBeLadJyvx55UcI0UxBOXQ=
    dependencies:
      "@algolia/client-common" "4.11.0"
      "@algolia/client-search" "4.11.0"
      "@algolia/requester-common" "4.11.0"
      "@algolia/transporter" "4.11.0"
  
  "@algolia/client-common@4.11.0":
    version "4.11.0"
    resolved "https://registry.npmmirror.com/@algolia/client-common/download/@algolia/client-common-4.11.0.tgz#9a2d1f6f8eaad25ba5d6d4ce307ba5bd84e6f999"
    integrity sha1-mi0fb46q0lul1tTOMHulvYTm+Zk=
    dependencies:
      "@algolia/requester-common" "4.11.0"
      "@algolia/transporter" "4.11.0"
  
  "@algolia/client-personalization@4.11.0":
    version "4.11.0"
    resolved "https://registry.npmmirror.com/@algolia/client-personalization/download/@algolia/client-personalization-4.11.0.tgz#d3bf0e760f85df876b4baf5b81996f0aa3a59940"
    integrity sha1-078Odg+F34drS69bgZlvCqOlmUA=
    dependencies:
      "@algolia/client-common" "4.11.0"
      "@algolia/requester-common" "4.11.0"
      "@algolia/transporter" "4.11.0"
  
  "@algolia/client-search@4.11.0":
    version "4.11.0"
    resolved "https://registry.npmmirror.com/@algolia/client-search/download/@algolia/client-search-4.11.0.tgz#c1105d715a2a04ba27231eca86f5d6620f68f4ae"
    integrity sha1-wRBdcVoqBLonIx7KhvXWYg9o9K4=
    dependencies:
      "@algolia/client-common" "4.11.0"
      "@algolia/requester-common" "4.11.0"
      "@algolia/transporter" "4.11.0"
  
  "@algolia/logger-common@4.11.0":
    version "4.11.0"
    resolved "https://registry.npmmirror.com/@algolia/logger-common/download/@algolia/logger-common-4.11.0.tgz#bac1c2d59d29dee378b57412c8edd435b97de663"
    integrity sha1-usHC1Z0p3uN4tXQSyO3UNbl95mM=
  
  "@algolia/logger-console@4.11.0":
    version "4.11.0"
    resolved "https://registry.npmmirror.com/@algolia/logger-console/download/@algolia/logger-console-4.11.0.tgz#ced19e3abb22eb782ed5268d51efb5aa9ef109ef"
    integrity sha1-ztGeOrsi63gu1SaNUe+1qp7xCe8=
    dependencies:
      "@algolia/logger-common" "4.11.0"
  
  "@algolia/requester-browser-xhr@4.11.0":
    version "4.11.0"
    resolved "https://registry.npmmirror.com/@algolia/requester-browser-xhr/download/@algolia/requester-browser-xhr-4.11.0.tgz#f9e1ad56f185432aa8dde8cad53ae271fd5d6181"
    integrity sha1-+eGtVvGFQyqo3ejK1Tricf1dYYE=
    dependencies:
      "@algolia/requester-common" "4.11.0"
  
  "@algolia/requester-common@4.11.0":
    version "4.11.0"
    resolved "https://registry.npmmirror.com/@algolia/requester-common/download/@algolia/requester-common-4.11.0.tgz#d16de98d3ff72434bac39e4d915eab08035946a9"
    integrity sha1-0W3pjT/3JDS6w55NkV6rCANZRqk=
  
  "@algolia/requester-node-http@4.11.0":
    version "4.11.0"
    resolved "https://registry.npmmirror.com/@algolia/requester-node-http/download/@algolia/requester-node-http-4.11.0.tgz#beb2b6b68d5f4ce15aec80ede623f0ac96991368"
    integrity sha1-vrK2to1fTOFa7IDt5iPwrJaZE2g=
    dependencies:
      "@algolia/requester-common" "4.11.0"
  
  "@algolia/transporter@4.11.0":
    version "4.11.0"
    resolved "https://registry.npmmirror.com/@algolia/transporter/download/@algolia/transporter-4.11.0.tgz#a8de3c173093ceceb02b26b577395ce3b3d4b96f"
    integrity sha1-qN48FzCTzs6wKya1dzlc47PUuW8=
    dependencies:
      "@algolia/cache-common" "4.11.0"
      "@algolia/logger-common" "4.11.0"
      "@algolia/requester-common" "4.11.0"
  
  "@babel/parser@^7.16.4":
    version "7.16.7"
    resolved "https://registry.npmmirror.com/@babel/parser/download/@babel/parser-7.16.7.tgz#d372dda9c89fcec340a82630a9f533f2fe15877e"
    integrity sha512-sR4eaSrnM7BV7QPzGfEX5paG/6wrZM3I0HDzfIAK06ESvo9oy3xBuVBxE3MbQaKNhvg8g/ixjMWo2CGpzpHsDA==
  
  "@docsearch/css@3.0.0-alpha.31":
    version "3.0.0-alpha.31"
    resolved "https://registry.npmmirror.com/@docsearch/css/download/@docsearch/css-3.0.0-alpha.31.tgz#5fb8595201b3f120e5bc4ae4d536068b1a5ca695"
    integrity sha1-X7hZUgGz8SDlvErk1TYGixpcppU=
  
  "@docsearch/js@3.0.0-alpha.31":
    version "3.0.0-alpha.31"
    resolved "https://registry.npmmirror.com/@docsearch/js/download/@docsearch/js-3.0.0-alpha.31.tgz#a180cb0b790682f41ac2a8e352e84bdd5a6a2807"
    integrity sha1-oYDLC3kGgvQawqjjUuhL3VpqKAc=
    dependencies:
      "@docsearch/react" "3.0.0-alpha.31"
      preact "^10.0.0"
  
  "@docsearch/react@3.0.0-alpha.31":
    version "3.0.0-alpha.31"
    resolved "https://registry.npmmirror.com/@docsearch/react/download/@docsearch/react-3.0.0-alpha.31.tgz#3389cf4c7695e3a87a14b86e462ae08a8e08b84e"
    integrity sha1-M4nPTHaV46h6FLhuRirgio4IuE4=
    dependencies:
      "@algolia/autocomplete-core" "^1.0.0-alpha.35"
      "@algolia/autocomplete-preset-algolia" "^1.0.0-alpha.35"
      "@docsearch/css" "3.0.0-alpha.31"
      algoliasearch "^4.0.0"
  
  "@nodelib/fs.scandir@2.1.5":
    version "2.1.5"
    resolved "https://registry.nlark.com/@nodelib/fs.scandir/download/@nodelib/fs.scandir-2.1.5.tgz#7619c2eb21b25483f6d167548b4cfd5a7488c3d5"
    integrity sha1-dhnC6yGyVIP20WdUi0z9WnSIw9U=
    dependencies:
      "@nodelib/fs.stat" "2.0.5"
      run-parallel "^1.1.9"
  
  "@nodelib/fs.stat@2.0.5", "@nodelib/fs.stat@^2.0.2":
    version "2.0.5"
    resolved "https://registry.nlark.com/@nodelib/fs.stat/download/@nodelib/fs.stat-2.0.5.tgz?cache=0&sync_timestamp=1622792655362&other_urls=https%3A%2F%2Fregistry.nlark.com%2F%40nodelib%2Ffs.stat%2Fdownload%2F%40nodelib%2Ffs.stat-2.0.5.tgz#5bd262af94e9d25bd1e71b05deed44876a222e8b"
    integrity sha1-W9Jir5Tp0lvR5xsF3u1Eh2oiLos=
  
  "@nodelib/fs.walk@^1.2.3":
    version "1.2.8"
    resolved "https://registry.nlark.com/@nodelib/fs.walk/download/@nodelib/fs.walk-1.2.8.tgz?cache=0&sync_timestamp=1625769815389&other_urls=https%3A%2F%2Fregistry.nlark.com%2F%40nodelib%2Ffs.walk%2Fdownload%2F%40nodelib%2Ffs.walk-1.2.8.tgz#e95737e8bb6746ddedf69c556953494f196fe69a"
    integrity sha1-6Vc36LtnRt3t9pxVaVNJTxlv5po=
    dependencies:
      "@nodelib/fs.scandir" "2.1.5"
      fastq "^1.6.0"
  
  "@snippetors/vuepress-plugin-tabs@^1.1.0":
    version "1.1.0"
    resolved "https://registry.npmmirror.com/@snippetors/vuepress-plugin-tabs/download/@snippetors/vuepress-plugin-tabs-1.1.0.tgz#dabc60e68386b93c6271e4d43479df00cd4149f1"
    integrity sha1-2rxg5oOGuTxiceTUNHnfAM1BSfE=
    dependencies:
      resize-observer-polyfill "^1.5.1"
  
  "@types/debug@^4.1.5", "@types/debug@^4.1.7":
    version "4.1.7"
    resolved "https://registry.npmmirror.com/@types/debug/download/@types/debug-4.1.7.tgz#7cc0ea761509124709b8b2d1090d8f6c17aadb82"
    integrity sha1-fMDqdhUJEkcJuLLRCQ2PbBeq24I=
    dependencies:
      "@types/ms" "*"
  
  "@types/fs-extra@^9.0.1", "@types/fs-extra@^9.0.13", "@types/fs-extra@^9.0.6":
    version "9.0.13"
    resolved "https://registry.npmmirror.com/@types/fs-extra/download/@types/fs-extra-9.0.13.tgz#7594fbae04fe7f1918ce8b3d213f74ff44ac1f45"
    integrity sha1-dZT7rgT+fxkYzos9IT90/0SsH0U=
    dependencies:
      "@types/node" "*"
  
  "@types/hash-sum@^1.0.0":
    version "1.0.0"
    resolved "https://registry.npmmirror.com/@types/hash-sum/download/@types/hash-sum-1.0.0.tgz#838f4e8627887d42b162d05f3d96ca636c2bc504"
    integrity sha1-g49OhieIfUKxYtBfPZbKY2wrxQQ=
  
  "@types/highlight.js@^9.7.0":
    version "9.12.4"
    resolved "https://registry.nlark.com/@types/highlight.js/download/@types/highlight.js-9.12.4.tgz#8c3496bd1b50cc04aeefd691140aa571d4dbfa34"
    integrity sha1-jDSWvRtQzASu79aRFAqlcdTb+jQ=
  
  "@types/linkify-it@*":
    version "3.0.2"
    resolved "https://registry.npmmirror.com/@types/linkify-it/download/@types/linkify-it-3.0.2.tgz#fd2cd2edbaa7eaac7e7f3c1748b52a19143846c9"
    integrity sha1-/SzS7bqn6qx+fzwXSLUqGRQ4Rsk=
  
  "@types/markdown-it@^10.0.2":
    version "10.0.3"
    resolved "https://registry.npmmirror.com/@types/markdown-it/download/@types/markdown-it-10.0.3.tgz#a9800d14b112c17f1de76ec33eff864a4815eec7"
    integrity sha1-qYANFLESwX8d527DPv+GSkgV7sc=
    dependencies:
      "@types/highlight.js" "^9.7.0"
      "@types/linkify-it" "*"
      "@types/mdurl" "*"
      highlight.js "^9.7.0"
  
  "@types/markdown-it@^12.0.1", "@types/markdown-it@^12.2.3":
    version "12.2.3"
    resolved "https://registry.npmmirror.com/@types/markdown-it/download/@types/markdown-it-12.2.3.tgz#0d6f6e5e413f8daaa26522904597be3d6cd93b51"
    integrity sha1-DW9uXkE/jaqiZSKQRZe+PWzZO1E=
    dependencies:
      "@types/linkify-it" "*"
      "@types/mdurl" "*"
  
  "@types/mdurl@*":
    version "1.0.2"
    resolved "https://registry.npmmirror.com/@types/mdurl/download/@types/mdurl-1.0.2.tgz#e2ce9d83a613bacf284c7be7d491945e39e1f8e9"
    integrity sha1-4s6dg6YTus8oTHvn1JGUXjnh+Ok=
  
  "@types/ms@*":
    version "0.7.31"
    resolved "https://registry.npmmirror.com/@types/ms/download/@types/ms-0.7.31.tgz#31b7ca6407128a3d2bbc27fe2d21b345397f6197"
    integrity sha1-MbfKZAcSij0rvCf+LSGzRTl/YZc=
  
  "@types/node@*":
    version "16.11.11"
    resolved "https://registry.npmmirror.com/@types/node/download/@types/node-16.11.11.tgz#6ea7342dfb379ea1210835bada87b3c512120234"
    integrity sha512-KB0sixD67CeecHC33MYn+eYARkqTheIRNuu97y2XMjR7Wu3XibO1vaY6VBV6O/a89SPI81cEUIYT87UqUWlZNw==
  
  "@types/prop-types@*":
    version "15.7.4"
    resolved "https://registry.npmmirror.com/@types/prop-types/download/@types/prop-types-15.7.4.tgz#fcf7205c25dff795ee79af1e30da2c9790808f11"
    integrity sha1-/PcgXCXf95Xuea8eMNosl5CAjxE=
  
  "@types/react@^17.0.0":
    version "17.0.38"
    resolved "https://registry.npmmirror.com/@types/react/download/@types/react-17.0.38.tgz#f24249fefd89357d5fa71f739a686b8d7c7202bd"
    integrity sha512-SI92X1IA+FMnP3qM5m4QReluXzhcmovhZnLNm3pyeQlooi02qI7sLiepEYqT678uNiyc25XfCqxREFpy3W7YhQ==
    dependencies:
      "@types/prop-types" "*"
      "@types/scheduler" "*"
      csstype "^3.0.2"
  
  "@types/scheduler@*":
    version "0.16.2"
    resolved "https://registry.npmmirror.com/@types/scheduler/download/@types/scheduler-0.16.2.tgz#1a62f89525723dde24ba1b01b092bf5df8ad4d39"
    integrity sha1-GmL4lSVyPd4kuhsBsJK/XfitTTk=
  
  "@vitejs/plugin-vue@^1.10.2":
    version "1.10.2"
    resolved "https://registry.npmmirror.com/@vitejs/plugin-vue/download/@vitejs/plugin-vue-1.10.2.tgz#d718479e2789d8a94b63e00f23f1898ba239253a"
    integrity sha512-/QJ0Z9qfhAFtKRY+r57ziY4BSbGUTGsPRMpB/Ron3QPwBZM4OZAZHdTa4a8PafCwU5DTatXG8TMDoP8z+oDqJw==
  
  "@vue/compiler-core@3.2.26":
    version "3.2.26"
    resolved "https://registry.npmmirror.com/@vue/compiler-core/download/@vue/compiler-core-3.2.26.tgz#9ab92ae624da51f7b6064f4679c2d4564f437cc8"
    integrity sha512-N5XNBobZbaASdzY9Lga2D9Lul5vdCIOXvUMd6ThcN8zgqQhPKfCV+wfAJNNJKQkSHudnYRO2gEB+lp0iN3g2Tw==
    dependencies:
      "@babel/parser" "^7.16.4"
      "@vue/shared" "3.2.26"
      estree-walker "^2.0.2"
      source-map "^0.6.1"
  
  "@vue/compiler-dom@3.2.26":
    version "3.2.26"
    resolved "https://registry.npmmirror.com/@vue/compiler-dom/download/@vue/compiler-dom-3.2.26.tgz#c7a7b55d50a7b7981dd44fc28211df1450482667"
    integrity sha512-smBfaOW6mQDxcT3p9TKT6mE22vjxjJL50GFVJiI0chXYGU/xzC05QRGrW3HHVuJrmLTLx5zBhsZ2dIATERbarg==
    dependencies:
      "@vue/compiler-core" "3.2.26"
      "@vue/shared" "3.2.26"
  
  "@vue/compiler-sfc@3.2.26", "@vue/compiler-sfc@^3.2.24":
    version "3.2.26"
    resolved "https://registry.npmmirror.com/@vue/compiler-sfc/download/@vue/compiler-sfc-3.2.26.tgz#3ce76677e4aa58311655a3bea9eb1cb804d2273f"
    integrity sha512-ePpnfktV90UcLdsDQUh2JdiTuhV0Skv2iYXxfNMOK/F3Q+2BO0AulcVcfoksOpTJGmhhfosWfMyEaEf0UaWpIw==
    dependencies:
      "@babel/parser" "^7.16.4"
      "@vue/compiler-core" "3.2.26"
      "@vue/compiler-dom" "3.2.26"
      "@vue/compiler-ssr" "3.2.26"
      "@vue/reactivity-transform" "3.2.26"
      "@vue/shared" "3.2.26"
      estree-walker "^2.0.2"
      magic-string "^0.25.7"
      postcss "^8.1.10"
      source-map "^0.6.1"
  
  "@vue/compiler-ssr@3.2.26":
    version "3.2.26"
    resolved "https://registry.npmmirror.com/@vue/compiler-ssr/download/@vue/compiler-ssr-3.2.26.tgz#fd049523341fbf4ab5e88e25eef566d862894ba7"
    integrity sha512-2mywLX0ODc4Zn8qBoA2PDCsLEZfpUGZcyoFRLSOjyGGK6wDy2/5kyDOWtf0S0UvtoyVq95OTSGIALjZ4k2q/ag==
    dependencies:
      "@vue/compiler-dom" "3.2.26"
      "@vue/shared" "3.2.26"
  
  "@vue/devtools-api@^6.0.0-beta.18":
    version "6.0.0-beta.20.1"
    resolved "https://registry.npmmirror.com/@vue/devtools-api/download/@vue/devtools-api-6.0.0-beta.20.1.tgz#5b499647e929c35baf2a66a399578f9aa4601142"
    integrity sha512-R2rfiRY+kZugzWh9ZyITaovx+jpU4vgivAEAiz80kvh3yviiTU3CBuGuyWpSwGz9/C7TkSWVM/FtQRGlZ16n8Q==
  
  "@vue/reactivity-transform@3.2.26":
    version "3.2.26"
    resolved "https://registry.npmmirror.com/@vue/reactivity-transform/download/@vue/reactivity-transform-3.2.26.tgz#6d8f20a4aa2d19728f25de99962addbe7c4d03e9"
    integrity sha512-XKMyuCmzNA7nvFlYhdKwD78rcnmPb7q46uoR00zkX6yZrUmcCQ5OikiwUEVbvNhL5hBJuvbSO95jB5zkUon+eQ==
    dependencies:
      "@babel/parser" "^7.16.4"
      "@vue/compiler-core" "3.2.26"
      "@vue/shared" "3.2.26"
      estree-walker "^2.0.2"
      magic-string "^0.25.7"
  
  "@vue/reactivity@3.2.26":
    version "3.2.26"
    resolved "https://registry.npmmirror.com/@vue/reactivity/download/@vue/reactivity-3.2.26.tgz#d529191e581521c3c12e29ef986d4c8a933a0f83"
    integrity sha512-h38bxCZLW6oFJVDlCcAiUKFnXI8xP8d+eO0pcDxx+7dQfSPje2AO6M9S9QO6MrxQB7fGP0DH0dYQ8ksf6hrXKQ==
    dependencies:
      "@vue/shared" "3.2.26"
  
  "@vue/runtime-core@3.2.26":
    version "3.2.26"
    resolved "https://registry.npmmirror.com/@vue/runtime-core/download/@vue/runtime-core-3.2.26.tgz#5c59cc440ed7a39b6dbd4c02e2d21c8d1988f0de"
    integrity sha512-BcYi7qZ9Nn+CJDJrHQ6Zsmxei2hDW0L6AB4vPvUQGBm2fZyC0GXd/4nVbyA2ubmuhctD5RbYY8L+5GUJszv9mQ==
    dependencies:
      "@vue/reactivity" "3.2.26"
      "@vue/shared" "3.2.26"
  
  "@vue/runtime-dom@3.2.26":
    version "3.2.26"
    resolved "https://registry.npmmirror.com/@vue/runtime-dom/download/@vue/runtime-dom-3.2.26.tgz#84d3ae2584488747717c2e072d5d9112c0d2e6c2"
    integrity sha512-dY56UIiZI+gjc4e8JQBwAifljyexfVCkIAu/WX8snh8vSOt/gMSEGwPRcl2UpYpBYeyExV8WCbgvwWRNt9cHhQ==
    dependencies:
      "@vue/runtime-core" "3.2.26"
      "@vue/shared" "3.2.26"
      csstype "^2.6.8"
  
  "@vue/server-renderer@3.2.26", "@vue/server-renderer@^3.2.24":
    version "3.2.26"
    resolved "https://registry.npmmirror.com/@vue/server-renderer/download/@vue/server-renderer-3.2.26.tgz#f16a4b9fbcc917417b4cea70c99afce2701341cf"
    integrity sha512-Jp5SggDUvvUYSBIvYEhy76t4nr1vapY/FIFloWmQzn7UxqaHrrBpbxrqPcTrSgGrcaglj0VBp22BKJNre4aA1w==
    dependencies:
      "@vue/compiler-ssr" "3.2.26"
      "@vue/shared" "3.2.26"
  
  "@vue/shared@3.2.26", "@vue/shared@^3.0.3", "@vue/shared@^3.0.5", "@vue/shared@^3.2.24":
    version "3.2.26"
    resolved "https://registry.npmmirror.com/@vue/shared/download/@vue/shared-3.2.26.tgz#7acd1621783571b9a82eca1f041b4a0a983481d9"
    integrity sha512-vPV6Cq+NIWbH5pZu+V+2QHE9y1qfuTq49uNWw4f7FDEeZaDU2H2cx5jcUZOAKW7qTrUS4k6qZPbMy1x4N96nbA==
  
  "@vuepress/bundler-vite@2.0.0-beta.32":
    version "2.0.0-beta.32"
    resolved "https://registry.npmmirror.com/@vuepress/bundler-vite/download/@vuepress/bundler-vite-2.0.0-beta.32.tgz#3fdd898e35b242682fd2090cc1b4c5db9b59ce9e"
    integrity sha512-ahB5AoPwLnpwCH9Lg6asznjV2tIFpQsWqfZV2Nfv9nxUl0da3iq9lMS9f2IH7RCSLoBa46VOizFCOFsvgeccDQ==
    dependencies:
      "@vitejs/plugin-vue" "^1.10.2"
      "@vue/compiler-sfc" "^3.2.24"
      "@vue/server-renderer" "^3.2.24"
      "@vuepress/client" "2.0.0-beta.32"
      "@vuepress/core" "2.0.0-beta.32"
      "@vuepress/shared" "2.0.0-beta.32"
      "@vuepress/utils" "2.0.0-beta.32"
      autoprefixer "^10.4.0"
      connect-history-api-fallback "^1.6.0"
      postcss "^8.4.4"
      postcss-csso "^5.0.1"
      rollup "^2.60.2"
      vite "^2.7.1"
      vue "^3.2.24"
      vue-router "^4.0.12"
  
  "@vuepress/cli@2.0.0-beta.32":
    version "2.0.0-beta.32"
    resolved "https://registry.npmmirror.com/@vuepress/cli/download/@vuepress/cli-2.0.0-beta.32.tgz#9a5d1a031e14b2f0aa5cc758d5c0420f987b2e0d"
    integrity sha512-idQvMoII23tZ5n6uu5h+IlG+NLNQ0nEfE8xxEZNNf2peryHUdACHrXjtMlk0KzVUgHCjDjM54nY7Gygjh9BNTg==
    dependencies:
      "@vuepress/core" "2.0.0-beta.32"
      "@vuepress/utils" "2.0.0-beta.32"
      cac "^6.7.12"
      chokidar "^3.5.2"
      envinfo "^7.8.1"
      esbuild "^0.13.12"
  
  "@vuepress/client@2.0.0-alpha.1":
    version "2.0.0-alpha.1"
    resolved "https://registry.npmmirror.com/@vuepress/client/download/@vuepress/client-2.0.0-alpha.1.tgz#ba6d22b205463364daf40695050a1b0c7bae5be6"
    integrity sha1-um0isgVGM2Ta9AaVBQobDHuuW+Y=
    dependencies:
      "@vuepress/shared" "2.0.0-alpha.1"
      vue "^3.0.0"
      vue-router "4.0.0-rc.5"
  
  "@vuepress/client@2.0.0-alpha.25":
    version "2.0.0-alpha.25"
    resolved "https://registry.npmmirror.com/@vuepress/client/download/@vuepress/client-2.0.0-alpha.25.tgz#1c4207837c6a3a7808f04b4f278119aecd0f49de"
    integrity sha1-HEIHg3xqOngI8EtPJ4EZrs0PSd4=
    dependencies:
      "@vuepress/shared" "2.0.0-alpha.25"
      vue "^3.0.5"
      vue-router "^4.0.3"
  
  "@vuepress/client@2.0.0-beta.32":
    version "2.0.0-beta.32"
    resolved "https://registry.npmmirror.com/@vuepress/client/download/@vuepress/client-2.0.0-beta.32.tgz#865ba7e4137fdc82f3158b6bda84d9fb0920932b"
    integrity sha512-nSvDsJiWUu+/oqOmI9nv4Tp9ei7+EyAhEaR+vMr7fcbVCGQlNmQo/coxjW6HRvMLR8Xul0Y4SH0Z21WJfZqw3Q==
    dependencies:
      "@vuepress/shared" "2.0.0-beta.32"
      vue "^3.2.24"
      vue-router "^4.0.12"
  
  "@vuepress/core@2.0.0-alpha.1":
    version "2.0.0-alpha.1"
    resolved "https://registry.npmmirror.com/@vuepress/core/download/@vuepress/core-2.0.0-alpha.1.tgz#9db4824d677577cb0292569c7bae4a0686928345"
    integrity sha1-nbSCTWd1d8sCklace65KBoaSg0U=
    dependencies:
      "@vuepress/client" "2.0.0-alpha.1"
      "@vuepress/markdown" "2.0.0-alpha.1"
      "@vuepress/shared" "2.0.0-alpha.1"
      "@vuepress/utils" "2.0.0-alpha.1"
      gray-matter "^4.0.2"
      toml "^3.0.0"
  
  "@vuepress/core@2.0.0-alpha.25":
    version "2.0.0-alpha.25"
    resolved "https://registry.npmmirror.com/@vuepress/core/download/@vuepress/core-2.0.0-alpha.25.tgz#1a2b51e9aa229a5b3de986b0e9ac62a897bb4815"
    integrity sha1-GitR6aoimls96Yaw6axiqJe7SBU=
    dependencies:
      "@vuepress/client" "2.0.0-alpha.25"
      "@vuepress/markdown" "2.0.0-alpha.25"
      "@vuepress/shared" "2.0.0-alpha.25"
      "@vuepress/utils" "2.0.0-alpha.25"
      gray-matter "^4.0.2"
      toml "^3.0.0"
  
  "@vuepress/core@2.0.0-beta.32":
    version "2.0.0-beta.32"
    resolved "https://registry.npmmirror.com/@vuepress/core/download/@vuepress/core-2.0.0-beta.32.tgz#51e6772226ba14c14ea04f993b79ba2b89c062f7"
    integrity sha512-LyjEEfRCEQJonR3SxVrVl44ZvLP6KKy6nFPinmrjuMe5GLHLSW4z/S+goxm8ka0Fblc51KxDZjtNshAlvYJ/OQ==
    dependencies:
      "@vuepress/client" "2.0.0-beta.32"
      "@vuepress/markdown" "2.0.0-beta.32"
      "@vuepress/shared" "2.0.0-beta.32"
      "@vuepress/utils" "2.0.0-beta.32"
      gray-matter "^4.0.3"
      toml "^3.0.0"
  
  "@vuepress/markdown@2.0.0-alpha.1":
    version "2.0.0-alpha.1"
    resolved "https://registry.npmmirror.com/@vuepress/markdown/download/@vuepress/markdown-2.0.0-alpha.1.tgz#89269e8c94574d2711da01b71acb023c626132ff"
    integrity sha1-iSaejJRXTScR2gG3GssCPGJhMv8=
    dependencies:
      "@types/markdown-it" "^10.0.2"
      "@vuepress/shared" "2.0.0-alpha.1"
      "@vuepress/utils" "2.0.0-alpha.1"
      markdown-it "^12.0.1"
      markdown-it-anchor "^6.0.0"
      markdown-it-emoji "^2.0.0"
      prismjs "^1.22.0"
  
  "@vuepress/markdown@2.0.0-alpha.25":
    version "2.0.0-alpha.25"
    resolved "https://registry.npmmirror.com/@vuepress/markdown/download/@vuepress/markdown-2.0.0-alpha.25.tgz#eebd40cdbd7922cb941fe8a3f8f2bf51092d34ba"
    integrity sha1-7r1Azb15IsuUH+ij+PK/UQktNLo=
    dependencies:
      "@types/markdown-it" "^12.0.1"
      "@vuepress/shared" "2.0.0-alpha.25"
      "@vuepress/utils" "2.0.0-alpha.25"
      markdown-it "^12.0.4"
      markdown-it-anchor "^7.0.2"
      markdown-it-emoji "^2.0.0"
      prismjs "^1.23.0"
  
  "@vuepress/markdown@2.0.0-beta.32":
    version "2.0.0-beta.32"
    resolved "https://registry.npmmirror.com/@vuepress/markdown/download/@vuepress/markdown-2.0.0-beta.32.tgz#96da55464fef4e048ee5b6c3cfcfdd4264e210c9"
    integrity sha512-YRkuGuANBzLQuDE8TBDr9NNFXAWl/Qh3dbwVfM960lY5dk5jPxhTqOH5OGj7skLqxBWG6b4TwqjDKkGGciGkDA==
    dependencies:
      "@types/markdown-it" "^12.2.3"
      "@vuepress/shared" "2.0.0-beta.32"
      "@vuepress/utils" "2.0.0-beta.32"
      markdown-it "^12.2.0"
      markdown-it-anchor "^8.4.1"
      markdown-it-emoji "^2.0.0"
      mdurl "^1.0.1"
  
  "@vuepress/plugin-active-header-links@2.0.0-beta.32":
    version "2.0.0-beta.32"
    resolved "https://registry.npmmirror.com/@vuepress/plugin-active-header-links/download/@vuepress/plugin-active-header-links-2.0.0-beta.32.tgz#8135b316e78214798ec5dc165586e4ecd71eeb07"
    integrity sha512-AbkqP7uGmHyeuRRJMGmI/IGljxMgqz68WeqWYK23E9HisTnZVJek2AOavd+NsKWiHp/oSywQ7Vb0JDA9r4N0cQ==
    dependencies:
      "@vuepress/client" "2.0.0-beta.32"
      "@vuepress/core" "2.0.0-beta.32"
      "@vuepress/utils" "2.0.0-beta.32"
      ts-debounce "^4.0.0"
      vue "^3.2.24"
      vue-router "^4.0.12"
  
  "@vuepress/plugin-back-to-top@2.0.0-beta.32":
    version "2.0.0-beta.32"
    resolved "https://registry.npmmirror.com/@vuepress/plugin-back-to-top/download/@vuepress/plugin-back-to-top-2.0.0-beta.32.tgz#9d206e6cbfbf3a910d6d4f4d083acc84604b88a4"
    integrity sha512-hX1ijYYw9et6pOseo8RcvgobX6aLB6+yw0Cy0M8k4pW+fqHfqiagEgMXsWjQKTRUmN7rAdVyag6d8DLoHpxNYA==
    dependencies:
      "@vuepress/core" "2.0.0-beta.32"
      "@vuepress/utils" "2.0.0-beta.32"
      ts-debounce "^4.0.0"
      vue "^3.2.24"
  
  "@vuepress/plugin-container@2.0.0-beta.32":
    version "2.0.0-beta.32"
    resolved "https://registry.npmmirror.com/@vuepress/plugin-container/download/@vuepress/plugin-container-2.0.0-beta.32.tgz#74d6cb52241772a9ae941f4eef818c2c91b994aa"
    integrity sha512-crD54nbQ0PHjYle+e+7YGXrOnC5hCch9QqLTuCA7jKbrrs8yqTtNY1jK2Oc+ZCC6b8SlCeVm/rQCJvbqdp1FlQ==
    dependencies:
      "@types/markdown-it" "^12.2.3"
      "@vuepress/core" "2.0.0-beta.32"
      "@vuepress/markdown" "2.0.0-beta.32"
      "@vuepress/shared" "2.0.0-beta.32"
      "@vuepress/utils" "2.0.0-beta.32"
      markdown-it "^12.2.0"
      markdown-it-container "^3.0.0"
  
  "@vuepress/plugin-docsearch@^2.0.0-alpha.1":
    version "2.0.0-alpha.1"
    resolved "https://registry.npmmirror.com/@vuepress/plugin-docsearch/download/@vuepress/plugin-docsearch-2.0.0-alpha.1.tgz#50034a2f738f80abaecca7135e94e480fd85566a"
    integrity sha1-UANKL3OPgKuuzKcTXpTkgP2FVmo=
    dependencies:
      "@docsearch/css" "3.0.0-alpha.31"
      "@docsearch/js" "3.0.0-alpha.31"
      "@types/react" "^17.0.0"
      "@vuepress/client" "2.0.0-alpha.1"
      "@vuepress/core" "2.0.0-alpha.1"
      "@vuepress/shared" "2.0.0-alpha.1"
      "@vuepress/utils" "2.0.0-alpha.1"
      preact "^10.0.0"
      vue "^3.0.0"
      vue-router "4.0.0-rc.5"
  
  "@vuepress/plugin-external-link-icon@2.0.0-beta.32":
    version "2.0.0-beta.32"
    resolved "https://registry.npmmirror.com/@vuepress/plugin-external-link-icon/download/@vuepress/plugin-external-link-icon-2.0.0-beta.32.tgz#c115a5b29b858c18109d01151e8c9147b91acdcd"
    integrity sha512-MWnHrz3rxOUXwUXc58yraqEING0PqId9SVyE7VW9fbpnRuuU7CBaszpDsDlgOlGm4ch5MWliCcsZcFPlbZnu3A==
    dependencies:
      "@vuepress/client" "2.0.0-beta.32"
      "@vuepress/core" "2.0.0-beta.32"
      "@vuepress/markdown" "2.0.0-beta.32"
      "@vuepress/utils" "2.0.0-beta.32"
      vue "^3.2.24"
  
  "@vuepress/plugin-git@2.0.0-beta.32":
    version "2.0.0-beta.32"
    resolved "https://registry.npmmirror.com/@vuepress/plugin-git/download/@vuepress/plugin-git-2.0.0-beta.32.tgz#071c71131a602aa4dcd591c5387f6ff50f36fb9e"
    integrity sha512-lg3VDiQZaPOm0pHWQgYcvO5fjoMDDIZad+xoAz2yCte4kA41pNvCFi3PcLfO9Vdj8iqc0VS1DBZNMcSTyybnrw==
    dependencies:
      "@vuepress/core" "2.0.0-beta.32"
      execa "^5.1.1"
  
  "@vuepress/plugin-medium-zoom@2.0.0-beta.32":
    version "2.0.0-beta.32"
    resolved "https://registry.npmmirror.com/@vuepress/plugin-medium-zoom/download/@vuepress/plugin-medium-zoom-2.0.0-beta.32.tgz#2e595e4a929070a809952af563fb3650030dac00"
    integrity sha512-iJp7JLmH9imgh0HrKf5BKZDsGOvF09J4LNqk+rCRGhsd8fvx5m/trlB/2jXleZvrzhzwPrR6axE6GuWWQcz5eA==
    dependencies:
      "@vuepress/client" "2.0.0-beta.32"
      "@vuepress/core" "2.0.0-beta.32"
      "@vuepress/utils" "2.0.0-beta.32"
      medium-zoom "^1.0.6"
      vue "^3.2.24"
  
  "@vuepress/plugin-nprogress@2.0.0-beta.32":
    version "2.0.0-beta.32"
    resolved "https://registry.npmmirror.com/@vuepress/plugin-nprogress/download/@vuepress/plugin-nprogress-2.0.0-beta.32.tgz#030b4719370c0dc6ad076d1457f437442a444343"
    integrity sha512-EsYBDoUhtnUaAFTMKqyuDLepNyGw+DZT2Y76V3+9MyRMEYH3gTXGzCopdvoenQvaIQC+iz7EDEhzcc7aCDVI8A==
    dependencies:
      "@vuepress/client" "2.0.0-beta.32"
      "@vuepress/core" "2.0.0-beta.32"
      "@vuepress/utils" "2.0.0-beta.32"
      nprogress "^0.2.0"
      vue "^3.2.24"
      vue-router "^4.0.12"
  
  "@vuepress/plugin-palette@2.0.0-beta.32":
    version "2.0.0-beta.32"
    resolved "https://registry.npmmirror.com/@vuepress/plugin-palette/download/@vuepress/plugin-palette-2.0.0-beta.32.tgz#39051d38b774c254b74ae324af000367fc7e8a5f"
    integrity sha512-Yfnth8kYGaIfMAVkvQzWP+/ikWoIK0VTk7hdQtuWuOJlHs4nr/HIQuqvIZQuGR6UR7y90cgpcNs2FsLVEWzehQ==
    dependencies:
      "@vuepress/core" "2.0.0-beta.32"
      "@vuepress/utils" "2.0.0-beta.32"
      chokidar "^3.5.2"
  
  "@vuepress/plugin-palette@^2.0.0-alpha.26":
    version "2.0.0-alpha.26"
    resolved "https://registry.npmmirror.com/@vuepress/plugin-palette/download/@vuepress/plugin-palette-2.0.0-alpha.26.tgz#cce4bff64da6b42115540ce6e08c7055aaacd04c"
    integrity sha1-zOS/9k2mtCEVVAzm4IxwVaqs0Ew=
    dependencies:
      "@vuepress/core" "2.0.0-alpha.25"
      "@vuepress/utils" "2.0.0-alpha.25"
  
  "@vuepress/plugin-prismjs@2.0.0-beta.32":
    version "2.0.0-beta.32"
    resolved "https://registry.npmmirror.com/@vuepress/plugin-prismjs/download/@vuepress/plugin-prismjs-2.0.0-beta.32.tgz#9f63bdaf662064aaa804d1357d36fbee55326b1a"
    integrity sha512-Id/HKWxYHY5Rc3T/0aeqEfCEmiRXoiGRjuQpvt2wuYlWZZDawCB6+uMCOpbcY8WeWDFpzVLzwUC9hiOVwUjvCg==
    dependencies:
      "@vuepress/core" "2.0.0-beta.32"
      prismjs "^1.25.0"
  
  "@vuepress/plugin-theme-data@2.0.0-beta.32":
    version "2.0.0-beta.32"
    resolved "https://registry.npmmirror.com/@vuepress/plugin-theme-data/download/@vuepress/plugin-theme-data-2.0.0-beta.32.tgz#ce2bf86772163bcc2132d3e1cc9cb32a59049a82"
    integrity sha512-20hC3fM9p+mcwgFsnZMjyoNdqgScTCHeGB2bDaxpENUNtXMIIg9SsNJQ59K5vAcNN54vwfk3Y3AKLPCJhHx1Pw==
    dependencies:
      "@vuepress/client" "2.0.0-beta.32"
      "@vuepress/core" "2.0.0-beta.32"
      "@vuepress/shared" "2.0.0-beta.32"
      "@vuepress/utils" "2.0.0-beta.32"
      vue "^3.2.24"
  
  "@vuepress/shared@2.0.0-alpha.1":
    version "2.0.0-alpha.1"
    resolved "https://registry.npmmirror.com/@vuepress/shared/download/@vuepress/shared-2.0.0-alpha.1.tgz#92e4f95056351c22a07e62373753bad4d7142979"
    integrity sha1-kuT5UFY1HCKgfmI3N1O61NcUKXk=
    dependencies:
      "@vue/shared" "^3.0.3"
  
  "@vuepress/shared@2.0.0-alpha.25":
    version "2.0.0-alpha.25"
    resolved "https://registry.npmmirror.com/@vuepress/shared/download/@vuepress/shared-2.0.0-alpha.25.tgz#b875b3f36b19e225275ea46afe438b3524a2b7bb"
    integrity sha1-uHWz82sZ4iUnXqRq/kOLNSSit7s=
    dependencies:
      "@vue/shared" "^3.0.5"
  
  "@vuepress/shared@2.0.0-beta.32":
    version "2.0.0-beta.32"
    resolved "https://registry.npmmirror.com/@vuepress/shared/download/@vuepress/shared-2.0.0-beta.32.tgz#8ac1dca241b124e083c06acbc61fe322eb4f0ee7"
    integrity sha512-yQXzBrCyZPCAWzYB7AAIMf5TEb+WvvUXAugoC7jNXYILf/oGCq8fbc9LUH2X/YNZFNsdm+r9N7JfDZ+uddBHkA==
    dependencies:
      "@vue/shared" "^3.2.24"
  
  "@vuepress/theme-default@2.0.0-beta.32":
    version "2.0.0-beta.32"
    resolved "https://registry.npmmirror.com/@vuepress/theme-default/download/@vuepress/theme-default-2.0.0-beta.32.tgz#894d67be9f7c7f171c154a5c4ee74650d0642f4c"
    integrity sha512-K/Gy8pozHqgzYsilFSz6Bx+XWr2e8wRR2O/ggK68S1IH64YX908NUzHv1CXy8tERmTbBbTLdSV7CrE4Z1d4HWg==
    dependencies:
      "@vuepress/client" "2.0.0-beta.32"
      "@vuepress/core" "2.0.0-beta.32"
      "@vuepress/plugin-active-header-links" "2.0.0-beta.32"
      "@vuepress/plugin-back-to-top" "2.0.0-beta.32"
      "@vuepress/plugin-container" "2.0.0-beta.32"
      "@vuepress/plugin-external-link-icon" "2.0.0-beta.32"
      "@vuepress/plugin-git" "2.0.0-beta.32"
      "@vuepress/plugin-medium-zoom" "2.0.0-beta.32"
      "@vuepress/plugin-nprogress" "2.0.0-beta.32"
      "@vuepress/plugin-palette" "2.0.0-beta.32"
      "@vuepress/plugin-prismjs" "2.0.0-beta.32"
      "@vuepress/plugin-theme-data" "2.0.0-beta.32"
      "@vuepress/shared" "2.0.0-beta.32"
      "@vuepress/utils" "2.0.0-beta.32"
      "@vueuse/core" "^7.1.2"
      sass "^1.44.0"
      sass-loader "^12.4.0"
      vue "^3.2.24"
      vue-router "^4.0.12"
  
  "@vuepress/utils@2.0.0-alpha.1":
    version "2.0.0-alpha.1"
    resolved "https://registry.npmmirror.com/@vuepress/utils/download/@vuepress/utils-2.0.0-alpha.1.tgz#e68f466408e70680d9ff8c561311d10a0a813b0a"
    integrity sha1-5o9GZAjnBoDZ/4xWExHRCgqBOwo=
    dependencies:
      "@types/debug" "^4.1.5"
      "@types/fs-extra" "^9.0.1"
      "@types/hash-sum" "^1.0.0"
      "@vuepress/shared" "2.0.0-alpha.1"
      chalk "^4.1.0"
      debug "^4.2.0"
      fs-extra "^9.0.1"
      globby "^11.0.1"
      hash-sum "^2.0.0"
      ora "^5.1.0"
      upath "^1.2.0"
  
  "@vuepress/utils@2.0.0-alpha.25":
    version "2.0.0-alpha.25"
    resolved "https://registry.npmmirror.com/@vuepress/utils/download/@vuepress/utils-2.0.0-alpha.25.tgz#5cd01146be7a329e47a2f26fcff57376c6545b9e"
    integrity sha1-XNARRr56Mp5HovJvz/VzdsZUW54=
    dependencies:
      "@types/debug" "^4.1.5"
      "@types/fs-extra" "^9.0.6"
      "@types/hash-sum" "^1.0.0"
      "@vuepress/shared" "2.0.0-alpha.25"
      chalk "^4.1.0"
      debug "^4.3.1"
      fs-extra "^9.1.0"
      globby "^11.0.2"
      hash-sum "^2.0.0"
      ora "^5.3.0"
      upath "^2.0.1"
  
  "@vuepress/utils@2.0.0-beta.32":
    version "2.0.0-beta.32"
    resolved "https://registry.npmmirror.com/@vuepress/utils/download/@vuepress/utils-2.0.0-beta.32.tgz#2a68575324897ccb56abb3882e43aeea9dbc8d86"
    integrity sha512-ZbEM23BI7qbLnZYNAYoLF3EgWXVtO/MnB5aYKTC2+dHX90mEkfFoIBk00ICSi28HZJkW0OmsyMVFoUbI8QBvUw==
    dependencies:
      "@types/debug" "^4.1.7"
      "@types/fs-extra" "^9.0.13"
      "@types/hash-sum" "^1.0.0"
      "@vuepress/shared" "2.0.0-beta.32"
      chalk "^4.1.2"
      debug "^4.3.3"
      fs-extra "^10.0.0"
      globby "^11.0.4"
      hash-sum "^2.0.0"
      ora "^5.4.1"
      upath "^2.0.1"
  
  "@vueuse/core@^7.1.2":
    version "7.5.2"
    resolved "https://registry.npmmirror.com/@vueuse/core/download/@vueuse/core-7.5.2.tgz#96a46ebc1e64e14a0c0e265eceed2c4e7e5f4d9e"
    integrity sha512-Y9bdJ7pTP6sckO2qbyfqm2fCsADCWwVck5ABimlnhMkuOZ2qq99ee6ABpc8EFCA2fdYf8DbedTNvJ2u7g+7Z7A==
    dependencies:
      "@vueuse/shared" "7.5.2"
      vue-demi "*"
  
  "@vueuse/shared@7.5.2":
    version "7.5.2"
    resolved "https://registry.npmmirror.com/@vueuse/shared/download/@vueuse/shared-7.5.2.tgz#eec2e8f3d4202cd53a06e75be5005fd2b4465214"
    integrity sha512-sq006pazeTU2EcjEIitCkaN3MpUaTk39/WKDowxqBA6y8HwvclETIJsKJdpbL88tc+w2WmbcurWps4AJm5R77A==
    dependencies:
      vue-demi "*"
  
  algoliasearch@^4.0.0:
    version "4.11.0"
    resolved "https://registry.npmmirror.com/algoliasearch/download/algoliasearch-4.11.0.tgz#234befb3ac355c094077f0edf3777240b1ee013c"
    integrity sha1-I0vvs6w1XAlAd/Dt83dyQLHuATw=
    dependencies:
      "@algolia/cache-browser-local-storage" "4.11.0"
      "@algolia/cache-common" "4.11.0"
      "@algolia/cache-in-memory" "4.11.0"
      "@algolia/client-account" "4.11.0"
      "@algolia/client-analytics" "4.11.0"
      "@algolia/client-common" "4.11.0"
      "@algolia/client-personalization" "4.11.0"
      "@algolia/client-search" "4.11.0"
      "@algolia/logger-common" "4.11.0"
      "@algolia/logger-console" "4.11.0"
      "@algolia/requester-browser-xhr" "4.11.0"
      "@algolia/requester-common" "4.11.0"
      "@algolia/requester-node-http" "4.11.0"
      "@algolia/transporter" "4.11.0"
  
  ansi-regex@^5.0.1:
    version "5.0.1"
    resolved "https://registry.nlark.com/ansi-regex/download/ansi-regex-5.0.1.tgz?cache=0&sync_timestamp=1631634988487&other_urls=https%3A%2F%2Fregistry.nlark.com%2Fansi-regex%2Fdownload%2Fansi-regex-5.0.1.tgz#082cb2c89c9fe8659a311a53bd6a4dc5301db304"
    integrity sha1-CCyyyJyf6GWaMRpTvWpNxTAdswQ=
  
  ansi-styles@^4.1.0:
    version "4.3.0"
    resolved "https://registry.nlark.com/ansi-styles/download/ansi-styles-4.3.0.tgz#edd803628ae71c04c85ae7a0906edad34b648937"
    integrity sha1-7dgDYornHATIWuegkG7a00tkiTc=
    dependencies:
      color-convert "^2.0.1"
  
  anymatch@~3.1.2:
    version "3.1.2"
    resolved "https://registry.npm.taobao.org/anymatch/download/anymatch-3.1.2.tgz#c0557c096af32f106198f4f4e2a383537e378716"
    integrity sha1-wFV8CWrzLxBhmPT04qODU343hxY=
    dependencies:
      normalize-path "^3.0.0"
      picomatch "^2.0.4"
  
  argparse@^1.0.7:
    version "1.0.10"
    resolved "https://registry.nlark.com/argparse/download/argparse-1.0.10.tgz#bcd6791ea5ae09725e17e5ad988134cd40b3d911"
    integrity sha1-vNZ5HqWuCXJeF+WtmIE0zUCz2RE=
    dependencies:
      sprintf-js "~1.0.2"
  
  argparse@^2.0.1:
    version "2.0.1"
    resolved "https://registry.nlark.com/argparse/download/argparse-2.0.1.tgz#246f50f3ca78a3240f6c997e8a9bd1eac49e4b38"
    integrity sha1-JG9Q88p4oyQPbJl+ipvR6sSeSzg=
  
  array-union@^2.1.0:
    version "2.1.0"
    resolved "https://registry.npm.taobao.org/array-union/download/array-union-2.1.0.tgz?cache=0&sync_timestamp=1614624407140&other_urls=https%3A%2F%2Fregistry.npm.taobao.org%2Farray-union%2Fdownload%2Farray-union-2.1.0.tgz#b798420adbeb1de828d84acd8a2e23d3efe85e8d"
    integrity sha1-t5hCCtvrHego2ErNii4j0+/oXo0=
  
  at-least-node@^1.0.0:
    version "1.0.0"
    resolved "https://registry.nlark.com/at-least-node/download/at-least-node-1.0.0.tgz#602cd4b46e844ad4effc92a8011a3c46e0238dc2"
    integrity sha1-YCzUtG6EStTv/JKoARo8RuAjjcI=
  
  autoprefixer@^10.4.0:
    version "10.4.1"
    resolved "https://registry.npmmirror.com/autoprefixer/download/autoprefixer-10.4.1.tgz#1735959d6462420569bc42408016acbc56861c12"
    integrity sha512-B3ZEG7wtzXDRCEFsan7HmR2AeNsxdJB0+sEC0Hc5/c2NbhJqPwuZm+tn233GBVw82L+6CtD6IPSfVruwKjfV3A==
    dependencies:
      browserslist "^4.19.1"
      caniuse-lite "^1.0.30001294"
      fraction.js "^4.1.2"
      normalize-range "^0.1.2"
      picocolors "^1.0.0"
      postcss-value-parser "^4.2.0"
  
  base64-js@^1.3.1:
    version "1.5.1"
    resolved "https://registry.nlark.com/base64-js/download/base64-js-1.5.1.tgz#1b1b440160a5bf7ad40b650f095963481903930a"
    integrity sha1-GxtEAWClv3rUC2UPCVljSBkDkwo=
  
  binary-extensions@^2.0.0:
    version "2.2.0"
    resolved "https://registry.npm.taobao.org/binary-extensions/download/binary-extensions-2.2.0.tgz?cache=0&sync_timestamp=1610299308660&other_urls=https%3A%2F%2Fregistry.npm.taobao.org%2Fbinary-extensions%2Fdownload%2Fbinary-extensions-2.2.0.tgz#75f502eeaf9ffde42fc98829645be4ea76bd9e2d"
    integrity sha1-dfUC7q+f/eQvyYgpZFvk6na9ni0=
  
  bl@^4.1.0:
    version "4.1.0"
    resolved "https://registry.nlark.com/bl/download/bl-4.1.0.tgz#451535264182bec2fbbc83a62ab98cf11d9f7b3a"
    integrity sha1-RRU1JkGCvsL7vIOmKrmM8R2fezo=
    dependencies:
      buffer "^5.5.0"
      inherits "^2.0.4"
      readable-stream "^3.4.0"
  
  braces@^3.0.1, braces@~3.0.2:
    version "3.0.2"
    resolved "https://registry.npm.taobao.org/braces/download/braces-3.0.2.tgz#3454e1a462ee8d599e236df336cd9ea4f8afe107"
    integrity sha1-NFThpGLujVmeI23zNs2epPiv4Qc=
    dependencies:
      fill-range "^7.0.1"
  
  browserslist@^4.19.1:
    version "4.19.1"
    resolved "https://registry.npmmirror.com/browserslist/download/browserslist-4.19.1.tgz#4ac0435b35ab655896c31d53018b6dd5e9e4c9a3"
    integrity sha512-u2tbbG5PdKRTUoctO3NBD8FQ5HdPh1ZXPHzp1rwaa5jTc+RV9/+RlWiAIKmjRPQF+xbGM9Kklj5bZQFa2s/38A==
    dependencies:
      caniuse-lite "^1.0.30001286"
      electron-to-chromium "^1.4.17"
      escalade "^3.1.1"
      node-releases "^2.0.1"
      picocolors "^1.0.0"
  
  buffer@^5.5.0:
    version "5.7.1"
    resolved "https://registry.npm.taobao.org/buffer/download/buffer-5.7.1.tgz?cache=0&sync_timestamp=1606098159535&other_urls=https%3A%2F%2Fregistry.npm.taobao.org%2Fbuffer%2Fdownload%2Fbuffer-5.7.1.tgz#ba62e7c13133053582197160851a8f648e99eed0"
    integrity sha1-umLnwTEzBTWCGXFghRqPZI6Z7tA=
    dependencies:
      base64-js "^1.3.1"
      ieee754 "^1.1.13"
  
  cac@^6.7.12:
    version "6.7.12"
    resolved "https://registry.npmmirror.com/cac/download/cac-6.7.12.tgz#6fb5ea2ff50bd01490dbda497f4ae75a99415193"
    integrity sha512-rM7E2ygtMkJqD9c7WnFU6fruFcN3xe4FM5yUmgxhZzIKJk4uHl9U/fhwdajGFQbQuv43FAUo1Fe8gX/oIKDeSA==
  
  caniuse-lite@^1.0.30001286, caniuse-lite@^1.0.30001294:
    version "1.0.30001296"
    resolved "https://registry.npmmirror.com/caniuse-lite/download/caniuse-lite-1.0.30001296.tgz#d99f0f3bee66544800b93d261c4be55a35f1cec8"
    integrity sha512-WfrtPEoNSoeATDlf4y3QvkwiELl9GyPLISV5GejTbbQRtQx4LhsXmc9IQ6XCL2d7UxCyEzToEZNMeqR79OUw8Q==
  
  chalk@^4.1.0, chalk@^4.1.2:
    version "4.1.2"
    resolved "https://registry.npmmirror.com/chalk/download/chalk-4.1.2.tgz#aac4e2b7734a740867aeb16bf02aad556a1e7a01"
    integrity sha1-qsTit3NKdAhnrrFr8CqtVWoeegE=
    dependencies:
      ansi-styles "^4.1.0"
      supports-color "^7.1.0"
  
  "chokidar@>=3.0.0 <4.0.0", chokidar@^3.5.2:
    version "3.5.2"
    resolved "https://registry.npmmirror.com/chokidar/download/chokidar-3.5.2.tgz#dba3976fcadb016f66fd365021d91600d01c1e75"
    integrity sha1-26OXb8rbAW9m/TZQIdkWANAcHnU=
    dependencies:
      anymatch "~3.1.2"
      braces "~3.0.2"
      glob-parent "~5.1.2"
      is-binary-path "~2.1.0"
      is-glob "~4.0.1"
      normalize-path "~3.0.0"
      readdirp "~3.6.0"
    optionalDependencies:
      fsevents "~2.3.2"
  
  cli-cursor@^3.1.0:
    version "3.1.0"
    resolved "https://registry.nlark.com/cli-cursor/download/cli-cursor-3.1.0.tgz?cache=0&sync_timestamp=1629747481175&other_urls=https%3A%2F%2Fregistry.nlark.com%2Fcli-cursor%2Fdownload%2Fcli-cursor-3.1.0.tgz#264305a7ae490d1d03bf0c9ba7c925d1753af307"
    integrity sha1-JkMFp65JDR0Dvwybp8kl0XU68wc=
    dependencies:
      restore-cursor "^3.1.0"
  
  cli-spinners@^2.5.0:
    version "2.6.1"
    resolved "https://registry.npmmirror.com/cli-spinners/download/cli-spinners-2.6.1.tgz#adc954ebe281c37a6319bfa401e6dd2488ffb70d"
    integrity sha1-rclU6+KBw3pjGb+kAebdJIj/tw0=
  
  clone@^1.0.2:
    version "1.0.4"
    resolved "https://registry.nlark.com/clone/download/clone-1.0.4.tgz#da309cc263df15994c688ca902179ca3c7cd7c7e"
    integrity sha1-2jCcwmPfFZlMaIypAheco8fNfH4=
  
  color-convert@^2.0.1:
    version "2.0.1"
    resolved "https://registry.npm.taobao.org/color-convert/download/color-convert-2.0.1.tgz#72d3a68d598c9bdb3af2ad1e84f21d896abd4de3"
    integrity sha1-ctOmjVmMm9s68q0ehPIdiWq9TeM=
    dependencies:
      color-name "~1.1.4"
  
  color-name@~1.1.4:
    version "1.1.4"
    resolved "https://registry.nlark.com/color-name/download/color-name-1.1.4.tgz#c2a09a87acbde69543de6f63fa3995c826c536a2"
    integrity sha1-wqCah6y95pVD3m9j+jmVyCbFNqI=
  
  connect-history-api-fallback@^1.6.0:
    version "1.6.0"
    resolved "https://registry.npm.taobao.org/connect-history-api-fallback/download/connect-history-api-fallback-1.6.0.tgz#8b32089359308d111115d81cad3fceab888f97bc"
    integrity sha1-izIIk1kwjRERFdgcrT/Oq4iPl7w=
  
  cross-spawn@^7.0.3:
    version "7.0.3"
    resolved "https://registry.nlark.com/cross-spawn/download/cross-spawn-7.0.3.tgz#f73a85b9d5d41d045551c177e2882d4ac85728a6"
    integrity sha1-9zqFudXUHQRVUcF34ogtSshXKKY=
    dependencies:
      path-key "^3.1.0"
      shebang-command "^2.0.0"
      which "^2.0.1"
  
  css-tree@^1.1.2:
    version "1.1.3"
    resolved "https://registry.npm.taobao.org/css-tree/download/css-tree-1.1.3.tgz?cache=0&sync_timestamp=1617191710096&other_urls=https%3A%2F%2Fregistry.npm.taobao.org%2Fcss-tree%2Fdownload%2Fcss-tree-1.1.3.tgz#eb4870fb6fd7707327ec95c2ff2ab09b5e8db91d"
    integrity sha1-60hw+2/XcHMn7JXC/yqwm16NuR0=
    dependencies:
      mdn-data "2.0.14"
      source-map "^0.6.1"
  
  csso@^4.0.2:
    version "4.2.0"
    resolved "https://registry.npm.taobao.org/csso/download/csso-4.2.0.tgz?cache=0&sync_timestamp=1606408849393&other_urls=https%3A%2F%2Fregistry.npm.taobao.org%2Fcsso%2Fdownload%2Fcsso-4.2.0.tgz#ea3a561346e8dc9f546d6febedd50187cf389529"
    integrity sha1-6jpWE0bo3J9UbW/r7dUBh884lSk=
    dependencies:
      css-tree "^1.1.2"
  
  csstype@^2.6.8:
    version "2.6.19"
    resolved "https://registry.npmmirror.com/csstype/download/csstype-2.6.19.tgz?cache=0&sync_timestamp=1637224514674&other_urls=https%3A%2F%2Fregistry.npmmirror.com%2Fcsstype%2Fdownload%2Fcsstype-2.6.19.tgz#feeb5aae89020bb389e1f63669a5ed490e391caa"
    integrity sha512-ZVxXaNy28/k3kJg0Fou5MiYpp88j7H9hLZp8PDC3jV0WFjfH5E9xHb56L0W59cPbKbcHXeP4qyT8PrHp8t6LcQ==
  
  csstype@^3.0.2:
    version "3.0.10"
    resolved "https://registry.npmmirror.com/csstype/download/csstype-3.0.10.tgz?cache=0&sync_timestamp=1637224539572&other_urls=https%3A%2F%2Fregistry.npmmirror.com%2Fcsstype%2Fdownload%2Fcsstype-3.0.10.tgz#2ad3a7bed70f35b965707c092e5f30b327c290e5"
    integrity sha512-2u44ZG2OcNUO9HDp/Jl8C07x6pU/eTR3ncV91SiK3dhG9TWvRVsCoJw14Ckx5DgWkzGA3waZWO3d7pgqpUI/XA==
  
  debug@^4.2.0, debug@^4.3.1, debug@^4.3.3:
    version "4.3.3"
    resolved "https://registry.npmmirror.com/debug/download/debug-4.3.3.tgz#04266e0b70a98d4462e6e288e38259213332b664"
    integrity sha512-/zxw5+vh1Tfv+4Qn7a5nsbcJKPaSvCDhojn6FEl9vupwK2VCSDtEiEtqr8DFtzYFOdz63LBkxec7DYuc2jon6Q==
    dependencies:
      ms "2.1.2"
  
  defaults@^1.0.3:
    version "1.0.3"
    resolved "https://registry.npm.taobao.org/defaults/download/defaults-1.0.3.tgz#c656051e9817d9ff08ed881477f3fe4019f3ef7d"
    integrity sha1-xlYFHpgX2f8I7YgUd/P+QBnz730=
    dependencies:
      clone "^1.0.2"
  
  dir-glob@^3.0.1:
    version "3.0.1"
    resolved "https://registry.npm.taobao.org/dir-glob/download/dir-glob-3.0.1.tgz#56dbf73d992a4a93ba1584f4534063fd2e41717f"
    integrity sha1-Vtv3PZkqSpO6FYT0U0Bj/S5BcX8=
    dependencies:
      path-type "^4.0.0"
  
  electron-to-chromium@^1.4.17:
    version "1.4.35"
    resolved "https://registry.npmmirror.com/electron-to-chromium/download/electron-to-chromium-1.4.35.tgz#69aabb73d7030733e71c1e970ec16f5ceefbaea4"
    integrity sha512-wzTOMh6HGFWeALMI3bif0mzgRrVGyP1BdFRx7IvWukFrSC5QVQELENuy+Fm2dCrAdQH9T3nuqr07n94nPDFBWA==
  
  entities@~2.1.0:
    version "2.1.0"
    resolved "https://registry.nlark.com/entities/download/entities-2.1.0.tgz?cache=0&sync_timestamp=1628508126700&other_urls=https%3A%2F%2Fregistry.nlark.com%2Fentities%2Fdownload%2Fentities-2.1.0.tgz#992d3129cf7df6870b96c57858c249a120f8b8b5"
    integrity sha1-mS0xKc999ocLlsV4WMJJoSD4uLU=
  
  envinfo@^7.8.1:
    version "7.8.1"
    resolved "https://registry.nlark.com/envinfo/download/envinfo-7.8.1.tgz#06377e3e5f4d379fea7ac592d5ad8927e0c4d475"
    integrity sha1-Bjd+Pl9NN5/qesWS1a2JJ+DE1HU=
  
  esbuild-android-arm64@0.13.15:
    version "0.13.15"
    resolved "https://registry.npmmirror.com/esbuild-android-arm64/download/esbuild-android-arm64-0.13.15.tgz#3fc3ff0bab76fe35dd237476b5d2b32bb20a3d44"
    integrity sha512-m602nft/XXeO8YQPUDVoHfjyRVPdPgjyyXOxZ44MK/agewFFkPa8tUo6lAzSWh5Ui5PB4KR9UIFTSBKh/RrCmg==
  
  esbuild-darwin-64@0.13.15:
    version "0.13.15"
    resolved "https://registry.npmmirror.com/esbuild-darwin-64/download/esbuild-darwin-64-0.13.15.tgz#8e9169c16baf444eacec60d09b24d11b255a8e72"
    integrity sha512-ihOQRGs2yyp7t5bArCwnvn2Atr6X4axqPpEdCFPVp7iUj4cVSdisgvEKdNR7yH3JDjW6aQDw40iQFoTqejqxvQ==
  
  esbuild-darwin-arm64@0.13.15:
    version "0.13.15"
    resolved "https://registry.npmmirror.com/esbuild-darwin-arm64/download/esbuild-darwin-arm64-0.13.15.tgz#1b07f893b632114f805e188ddfca41b2b778229a"
    integrity sha512-i1FZssTVxUqNlJ6cBTj5YQj4imWy3m49RZRnHhLpefFIh0To05ow9DTrXROTE1urGTQCloFUXTX8QfGJy1P8dQ==
  
  esbuild-freebsd-64@0.13.15:
    version "0.13.15"
    resolved "https://registry.npmmirror.com/esbuild-freebsd-64/download/esbuild-freebsd-64-0.13.15.tgz#0b8b7eca1690c8ec94c75680c38c07269c1f4a85"
    integrity sha512-G3dLBXUI6lC6Z09/x+WtXBXbOYQZ0E8TDBqvn7aMaOCzryJs8LyVXKY4CPnHFXZAbSwkCbqiPuSQ1+HhrNk7EA==
  
  esbuild-freebsd-arm64@0.13.15:
    version "0.13.15"
    resolved "https://registry.npmmirror.com/esbuild-freebsd-arm64/download/esbuild-freebsd-arm64-0.13.15.tgz#2e1a6c696bfdcd20a99578b76350b41db1934e52"
    integrity sha512-KJx0fzEDf1uhNOZQStV4ujg30WlnwqUASaGSFPhznLM/bbheu9HhqZ6mJJZM32lkyfGJikw0jg7v3S0oAvtvQQ==
  
  esbuild-linux-32@0.13.15:
    version "0.13.15"
    resolved "https://registry.npmmirror.com/esbuild-linux-32/download/esbuild-linux-32-0.13.15.tgz#6fd39f36fc66dd45b6b5f515728c7bbebc342a69"
    integrity sha512-ZvTBPk0YWCLMCXiFmD5EUtB30zIPvC5Itxz0mdTu/xZBbbHJftQgLWY49wEPSn2T/TxahYCRDWun5smRa0Tu+g==
  
  esbuild-linux-64@0.13.15:
    version "0.13.15"
    resolved "https://registry.npmmirror.com/esbuild-linux-64/download/esbuild-linux-64-0.13.15.tgz#9cb8e4bcd7574e67946e4ee5f1f1e12386bb6dd3"
    integrity sha512-eCKzkNSLywNeQTRBxJRQ0jxRCl2YWdMB3+PkWFo2BBQYC5mISLIVIjThNtn6HUNqua1pnvgP5xX0nHbZbPj5oA==
  
  esbuild-linux-arm64@0.13.15:
    version "0.13.15"
    resolved "https://registry.npmmirror.com/esbuild-linux-arm64/download/esbuild-linux-arm64-0.13.15.tgz#3891aa3704ec579a1b92d2a586122e5b6a2bfba1"
    integrity sha512-bYpuUlN6qYU9slzr/ltyLTR9YTBS7qUDymO8SV7kjeNext61OdmqFAzuVZom+OLW1HPHseBfJ/JfdSlx8oTUoA==
  
  esbuild-linux-arm@0.13.15:
    version "0.13.15"
    resolved "https://registry.npmmirror.com/esbuild-linux-arm/download/esbuild-linux-arm-0.13.15.tgz#8a00e99e6a0c6c9a6b7f334841364d8a2b4aecfe"
    integrity sha512-wUHttDi/ol0tD8ZgUMDH8Ef7IbDX+/UsWJOXaAyTdkT7Yy9ZBqPg8bgB/Dn3CZ9SBpNieozrPRHm0BGww7W/jA==
  
  esbuild-linux-mips64le@0.13.15:
    version "0.13.15"
    resolved "https://registry.npmmirror.com/esbuild-linux-mips64le/download/esbuild-linux-mips64le-0.13.15.tgz#36b07cc47c3d21e48db3bb1f4d9ef8f46aead4f7"
    integrity sha512-KlVjIG828uFPyJkO/8gKwy9RbXhCEUeFsCGOJBepUlpa7G8/SeZgncUEz/tOOUJTcWMTmFMtdd3GElGyAtbSWg==
  
  esbuild-linux-ppc64le@0.13.15:
    version "0.13.15"
    resolved "https://registry.npmmirror.com/esbuild-linux-ppc64le/download/esbuild-linux-ppc64le-0.13.15.tgz#f7e6bba40b9a11eb9dcae5b01550ea04670edad2"
    integrity sha512-h6gYF+OsaqEuBjeesTBtUPw0bmiDu7eAeuc2OEH9S6mV9/jPhPdhOWzdeshb0BskRZxPhxPOjqZ+/OqLcxQwEQ==
  
  esbuild-netbsd-64@0.13.15:
    version "0.13.15"
    resolved "https://registry.npmmirror.com/esbuild-netbsd-64/download/esbuild-netbsd-64-0.13.15.tgz#a2fedc549c2b629d580a732d840712b08d440038"
    integrity sha512-3+yE9emwoevLMyvu+iR3rsa+Xwhie7ZEHMGDQ6dkqP/ndFzRHkobHUKTe+NCApSqG5ce2z4rFu+NX/UHnxlh3w==
  
  esbuild-openbsd-64@0.13.15:
    version "0.13.15"
    resolved "https://registry.npmmirror.com/esbuild-openbsd-64/download/esbuild-openbsd-64-0.13.15.tgz#b22c0e5806d3a1fbf0325872037f885306b05cd7"
    integrity sha512-wTfvtwYJYAFL1fSs8yHIdf5GEE4NkbtbXtjLWjM3Cw8mmQKqsg8kTiqJ9NJQe5NX/5Qlo7Xd9r1yKMMkHllp5g==
  
  esbuild-sunos-64@0.13.15:
    version "0.13.15"
    resolved "https://registry.npmmirror.com/esbuild-sunos-64/download/esbuild-sunos-64-0.13.15.tgz#d0b6454a88375ee8d3964daeff55c85c91c7cef4"
    integrity sha512-lbivT9Bx3t1iWWrSnGyBP9ODriEvWDRiweAs69vI+miJoeKwHWOComSRukttbuzjZ8r1q0mQJ8Z7yUsDJ3hKdw==
  
  esbuild-windows-32@0.13.15:
    version "0.13.15"
    resolved "https://registry.npmmirror.com/esbuild-windows-32/download/esbuild-windows-32-0.13.15.tgz#c96d0b9bbb52f3303322582ef8e4847c5ad375a7"
    integrity sha512-fDMEf2g3SsJ599MBr50cY5ve5lP1wyVwTe6aLJsM01KtxyKkB4UT+fc5MXQFn3RLrAIAZOG+tHC+yXObpSn7Nw==
  
  esbuild-windows-64@0.13.15:
    version "0.13.15"
    resolved "https://registry.npmmirror.com/esbuild-windows-64/download/esbuild-windows-64-0.13.15.tgz#1f79cb9b1e1bb02fb25cd414cb90d4ea2892c294"
    integrity sha512-9aMsPRGDWCd3bGjUIKG/ZOJPKsiztlxl/Q3C1XDswO6eNX/Jtwu4M+jb6YDH9hRSUflQWX0XKAfWzgy5Wk54JQ==
  
  esbuild-windows-arm64@0.13.15:
    version "0.13.15"
    resolved "https://registry.npmmirror.com/esbuild-windows-arm64/download/esbuild-windows-arm64-0.13.15.tgz#482173070810df22a752c686509c370c3be3b3c3"
    integrity sha512-zzvyCVVpbwQQATaf3IG8mu1IwGEiDxKkYUdA4FpoCHi1KtPa13jeScYDjlW0Qh+ebWzpKfR2ZwvqAQkSWNcKjA==
  
  esbuild@^0.13.12:
    version "0.13.15"
    resolved "https://registry.npmmirror.com/esbuild/download/esbuild-0.13.15.tgz#db56a88166ee373f87dbb2d8798ff449e0450cdf"
    integrity sha512-raCxt02HBKv8RJxE8vkTSCXGIyKHdEdGfUmiYb8wnabnaEmHzyW7DCHb5tEN0xU8ryqg5xw54mcwnYkC4x3AIw==
    optionalDependencies:
      esbuild-android-arm64 "0.13.15"
      esbuild-darwin-64 "0.13.15"
      esbuild-darwin-arm64 "0.13.15"
      esbuild-freebsd-64 "0.13.15"
      esbuild-freebsd-arm64 "0.13.15"
      esbuild-linux-32 "0.13.15"
      esbuild-linux-64 "0.13.15"
      esbuild-linux-arm "0.13.15"
      esbuild-linux-arm64 "0.13.15"
      esbuild-linux-mips64le "0.13.15"
      esbuild-linux-ppc64le "0.13.15"
      esbuild-netbsd-64 "0.13.15"
      esbuild-openbsd-64 "0.13.15"
      esbuild-sunos-64 "0.13.15"
      esbuild-windows-32 "0.13.15"
      esbuild-windows-64 "0.13.15"
      esbuild-windows-arm64 "0.13.15"
  
  escalade@^3.1.1:
    version "3.1.1"
    resolved "https://registry.npm.taobao.org/escalade/download/escalade-3.1.1.tgz?cache=0&sync_timestamp=1602567224085&other_urls=https%3A%2F%2Fregistry.npm.taobao.org%2Fescalade%2Fdownload%2Fescalade-3.1.1.tgz#d8cfdc7000965c5a0174b4a82eaa5c0552742e40"
    integrity sha1-2M/ccACWXFoBdLSoLqpcBVJ0LkA=
  
  esprima@^4.0.0:
    version "4.0.1"
    resolved "https://registry.npm.taobao.org/esprima/download/esprima-4.0.1.tgz#13b04cdb3e6c5d19df91ab6987a8695619b0aa71"
    integrity sha1-E7BM2z5sXRnfkatph6hpVhmwqnE=
  
  estree-walker@^2.0.2:
    version "2.0.2"
    resolved "https://registry.npm.taobao.org/estree-walker/download/estree-walker-2.0.2.tgz?cache=0&sync_timestamp=1611956983677&other_urls=https%3A%2F%2Fregistry.npm.taobao.org%2Festree-walker%2Fdownload%2Festree-walker-2.0.2.tgz#52f010178c2a4c117a7757cfe942adb7d2da4cac"
    integrity sha1-UvAQF4wqTBF6d1fP6UKtt9LaTKw=
  
  execa@^5.1.1:
    version "5.1.1"
    resolved "https://registry.npmmirror.com/execa/download/execa-5.1.1.tgz?cache=0&sync_timestamp=1637147188673&other_urls=https%3A%2F%2Fregistry.npmmirror.com%2Fexeca%2Fdownload%2Fexeca-5.1.1.tgz#f80ad9cbf4298f7bd1d4c9555c21e93741c411dd"
    integrity sha1-+ArZy/Qpj3vR1MlVXCHpN0HEEd0=
    dependencies:
      cross-spawn "^7.0.3"
      get-stream "^6.0.0"
      human-signals "^2.1.0"
      is-stream "^2.0.0"
      merge-stream "^2.0.0"
      npm-run-path "^4.0.1"
      onetime "^5.1.2"
      signal-exit "^3.0.3"
      strip-final-newline "^2.0.0"
  
  extend-shallow@^2.0.1:
    version "2.0.1"
    resolved "https://registry.nlark.com/extend-shallow/download/extend-shallow-2.0.1.tgz#51af7d614ad9a9f610ea1bafbb989d6b1c56890f"
    integrity sha1-Ua99YUrZqfYQ6huvu5idaxxWiQ8=
    dependencies:
      is-extendable "^0.1.0"
  
  fast-glob@^3.1.1:
    version "3.2.7"
    resolved "https://registry.nlark.com/fast-glob/download/fast-glob-3.2.7.tgz#fd6cb7a2d7e9aa7a7846111e85a196d6b2f766a1"
    integrity sha1-/Wy3otfpqnp4RhEehaGW1rL3ZqE=
    dependencies:
      "@nodelib/fs.stat" "^2.0.2"
      "@nodelib/fs.walk" "^1.2.3"
      glob-parent "^5.1.2"
      merge2 "^1.3.0"
      micromatch "^4.0.4"
  
  fastq@^1.6.0:
    version "1.13.0"
    resolved "https://registry.nlark.com/fastq/download/fastq-1.13.0.tgz#616760f88a7526bdfc596b7cab8c18938c36b98c"
    integrity sha1-YWdg+Ip1Jr38WWt8q4wYk4w2uYw=
    dependencies:
      reusify "^1.0.4"
  
  fill-range@^7.0.1:
    version "7.0.1"
    resolved "https://registry.nlark.com/fill-range/download/fill-range-7.0.1.tgz#1919a6a7c75fe38b2c7c77e5198535da9acdda40"
    integrity sha1-GRmmp8df44ssfHflGYU12prN2kA=
    dependencies:
      to-regex-range "^5.0.1"
  
  fraction.js@^4.1.2:
    version "4.1.2"
    resolved "https://registry.npmmirror.com/fraction.js/download/fraction.js-4.1.2.tgz#13e420a92422b6cf244dff8690ed89401029fbe8"
    integrity sha512-o2RiJQ6DZaR/5+Si0qJUIy637QMRudSi9kU/FFzx9EZazrIdnBgpU+3sEWCxAVhH2RtxW2Oz+T4p2o8uOPVcgA==
  
  fs-extra@^10.0.0:
    version "10.0.0"
    resolved "https://registry.nlark.com/fs-extra/download/fs-extra-10.0.0.tgz#9ff61b655dde53fb34a82df84bb214ce802e17c1"
    integrity sha1-n/YbZV3eU/s0qC34S7IUzoAuF8E=
    dependencies:
      graceful-fs "^4.2.0"
      jsonfile "^6.0.1"
      universalify "^2.0.0"
  
  fs-extra@^9.0.1, fs-extra@^9.1.0:
    version "9.1.0"
    resolved "https://registry.nlark.com/fs-extra/download/fs-extra-9.1.0.tgz?cache=0&sync_timestamp=1622604476909&other_urls=https%3A%2F%2Fregistry.nlark.com%2Ffs-extra%2Fdownload%2Ffs-extra-9.1.0.tgz#5954460c764a8da2094ba3554bf839e6b9a7c86d"
    integrity sha1-WVRGDHZKjaIJS6NVS/g55rmnyG0=
    dependencies:
      at-least-node "^1.0.0"
      graceful-fs "^4.2.0"
      jsonfile "^6.0.1"
      universalify "^2.0.0"
  
  fsevents@~2.3.2:
    version "2.3.2"
    resolved "https://registry.npmmirror.com/fsevents/download/fsevents-2.3.2.tgz#8a526f78b8fdf4623b709e0b975c52c24c02fd1a"
    integrity sha1-ilJveLj99GI7cJ4Ll1xSwkwC/Ro=
  
  function-bind@^1.1.1:
    version "1.1.1"
    resolved "https://registry.npm.taobao.org/function-bind/download/function-bind-1.1.1.tgz#a56899d3ea3c9bab874bb9773b7c5ede92f4895d"
    integrity sha1-pWiZ0+o8m6uHS7l3O3xe3pL0iV0=
  
  get-stream@^6.0.0:
    version "6.0.1"
    resolved "https://registry.nlark.com/get-stream/download/get-stream-6.0.1.tgz#a262d8eef67aced57c2852ad6167526a43cbf7b7"
    integrity sha1-omLY7vZ6ztV8KFKtYWdSakPL97c=
  
  glob-parent@^5.1.2, glob-parent@~5.1.2:
    version "5.1.2"
    resolved "https://registry.npmmirror.com/glob-parent/download/glob-parent-5.1.2.tgz#869832c58034fe68a4093c17dc15e8340d8401c4"
    integrity sha1-hpgyxYA0/mikCTwX3BXoNA2EAcQ=
    dependencies:
      is-glob "^4.0.1"
  
  globby@^11.0.1, globby@^11.0.2, globby@^11.0.4:
    version "11.0.4"
    resolved "https://registry.nlark.com/globby/download/globby-11.0.4.tgz?cache=0&sync_timestamp=1629801109090&other_urls=https%3A%2F%2Fregistry.nlark.com%2Fglobby%2Fdownload%2Fglobby-11.0.4.tgz#2cbaff77c2f2a62e71e9b2813a67b97a3a3001a5"
    integrity sha1-LLr/d8Lypi5x6bKBOme5ejowAaU=
    dependencies:
      array-union "^2.1.0"
      dir-glob "^3.0.1"
      fast-glob "^3.1.1"
      ignore "^5.1.4"
      merge2 "^1.3.0"
      slash "^3.0.0"
  
  graceful-fs@^4.1.6, graceful-fs@^4.2.0:
    version "4.2.8"
    resolved "https://registry.npmmirror.com/graceful-fs/download/graceful-fs-4.2.8.tgz#e412b8d33f5e006593cbd3cee6df9f2cebbe802a"
    integrity sha1-5BK40z9eAGWTy9PO5t+fLOu+gCo=
  
  gray-matter@^4.0.2, gray-matter@^4.0.3:
    version "4.0.3"
    resolved "https://registry.nlark.com/gray-matter/download/gray-matter-4.0.3.tgz#e893c064825de73ea1f5f7d88c7a9f7274288798"
    integrity sha1-6JPAZIJd5z6h9ffYjHqfcnQoh5g=
    dependencies:
      js-yaml "^3.13.1"
      kind-of "^6.0.2"
      section-matter "^1.0.0"
      strip-bom-string "^1.0.0"
  
  has-flag@^4.0.0:
    version "4.0.0"
    resolved "https://registry.nlark.com/has-flag/download/has-flag-4.0.0.tgz#944771fd9c81c81265c4d6941860da06bb59479b"
    integrity sha1-lEdx/ZyByBJlxNaUGGDaBrtZR5s=
  
  has@^1.0.3:
    version "1.0.3"
    resolved "https://registry.nlark.com/has/download/has-1.0.3.tgz#722d7cbfc1f6aa8241f16dd814e011e1f41e8796"
    integrity sha1-ci18v8H2qoJB8W3YFOAR4fQeh5Y=
    dependencies:
      function-bind "^1.1.1"
  
  hash-sum@^2.0.0:
    version "2.0.0"
    resolved "https://registry.npm.taobao.org/hash-sum/download/hash-sum-2.0.0.tgz#81d01bb5de8ea4a214ad5d6ead1b523460b0b45a"
    integrity sha1-gdAbtd6OpKIUrV1urRtSNGCwtFo=
  
  highlight.js@^9.7.0:
    version "9.18.5"
    resolved "https://registry.npmmirror.com/highlight.js/download/highlight.js-9.18.5.tgz#d18a359867f378c138d6819edfc2a8acd5f29825"
    integrity sha512-a5bFyofd/BHCX52/8i8uJkjr9DYwXIPnM/plwI6W7ezItLGqzt7X2G2nXuYSfsIJdkwwj/g9DG1LkcGJI/dDoA==
  
  human-signals@^2.1.0:
    version "2.1.0"
    resolved "https://registry.nlark.com/human-signals/download/human-signals-2.1.0.tgz?cache=0&sync_timestamp=1624364695595&other_urls=https%3A%2F%2Fregistry.nlark.com%2Fhuman-signals%2Fdownload%2Fhuman-signals-2.1.0.tgz#dc91fcba42e4d06e4abaed33b3e7a3c02f514ea0"
    integrity sha1-3JH8ukLk0G5Kuu0zs+ejwC9RTqA=
  
  ieee754@^1.1.13:
    version "1.2.1"
    resolved "https://registry.npm.taobao.org/ieee754/download/ieee754-1.2.1.tgz?cache=0&sync_timestamp=1603838208740&other_urls=https%3A%2F%2Fregistry.npm.taobao.org%2Fieee754%2Fdownload%2Fieee754-1.2.1.tgz#8eb7a10a63fff25d15a57b001586d177d1b0d352"
    integrity sha1-jrehCmP/8l0VpXsAFYbRd9Gw01I=
  
  ignore@^5.1.4:
    version "5.1.9"
    resolved "https://registry.npmmirror.com/ignore/download/ignore-5.1.9.tgz?cache=0&sync_timestamp=1635926632542&other_urls=https%3A%2F%2Fregistry.npmmirror.com%2Fignore%2Fdownload%2Fignore-5.1.9.tgz#9ec1a5cbe8e1446ec60d4420060d43aa6e7382fb"
    integrity sha1-nsGly+jhRG7GDUQgBg1Dqm5zgvs=
  
  immutable@^4.0.0:
    version "4.0.0"
    resolved "https://registry.npmmirror.com/immutable/download/immutable-4.0.0.tgz?cache=0&sync_timestamp=1633650644342&other_urls=https%3A%2F%2Fregistry.npmmirror.com%2Fimmutable%2Fdownload%2Fimmutable-4.0.0.tgz#b86f78de6adef3608395efb269a91462797e2c23"
    integrity sha1-uG943mre82CDle+yaakUYnl+LCM=
  
  inherits@^2.0.3, inherits@^2.0.4:
    version "2.0.4"
    resolved "https://registry.npm.taobao.org/inherits/download/inherits-2.0.4.tgz#0fa2c64f932917c3433a0ded55363aae37416b7c"
    integrity sha1-D6LGT5MpF8NDOg3tVTY6rjdBa3w=
  
  is-binary-path@~2.1.0:
    version "2.1.0"
    resolved "https://registry.nlark.com/is-binary-path/download/is-binary-path-2.1.0.tgz#ea1f7f3b80f064236e83470f86c09c254fb45b09"
    integrity sha1-6h9/O4DwZCNug0cPhsCcJU+0Wwk=
    dependencies:
      binary-extensions "^2.0.0"
  
  is-core-module@^2.8.0:
    version "2.8.0"
    resolved "https://registry.npmmirror.com/is-core-module/download/is-core-module-2.8.0.tgz?cache=0&sync_timestamp=1634236731601&other_urls=https%3A%2F%2Fregistry.npmmirror.com%2Fis-core-module%2Fdownload%2Fis-core-module-2.8.0.tgz#0321336c3d0925e497fd97f5d95cb114a5ccd548"
    integrity sha1-AyEzbD0JJeSX/Zf12VyxFKXM1Ug=
    dependencies:
      has "^1.0.3"
  
  is-extendable@^0.1.0:
    version "0.1.1"
    resolved "https://registry.npm.taobao.org/is-extendable/download/is-extendable-0.1.1.tgz#62b110e289a471418e3ec36a617d472e301dfc89"
    integrity sha1-YrEQ4omkcUGOPsNqYX1HLjAd/Ik=
  
  is-extglob@^2.1.1:
    version "2.1.1"
    resolved "https://registry.npm.taobao.org/is-extglob/download/is-extglob-2.1.1.tgz#a88c02535791f02ed37c76a1b9ea9773c833f8c2"
    integrity sha1-qIwCU1eR8C7TfHahueqXc8gz+MI=
  
  is-glob@^4.0.1, is-glob@~4.0.1:
    version "4.0.3"
    resolved "https://registry.npmmirror.com/is-glob/download/is-glob-4.0.3.tgz#64f61e42cbbb2eec2071a9dac0b28ba1e65d5084"
    integrity sha1-ZPYeQsu7LuwgcanawLKLoeZdUIQ=
    dependencies:
      is-extglob "^2.1.1"
  
  is-interactive@^1.0.0:
    version "1.0.0"
    resolved "https://registry.nlark.com/is-interactive/download/is-interactive-1.0.0.tgz#cea6e6ae5c870a7b0a0004070b7b587e0252912e"
    integrity sha1-zqbmrlyHCnsKAAQHC3tYfgJSkS4=
  
  is-number@^7.0.0:
    version "7.0.0"
    resolved "https://registry.nlark.com/is-number/download/is-number-7.0.0.tgz#7535345b896734d5f80c4d06c50955527a14f12b"
    integrity sha1-dTU0W4lnNNX4DE0GxQlVUnoU8Ss=
  
  is-stream@^2.0.0:
    version "2.0.1"
    resolved "https://registry.nlark.com/is-stream/download/is-stream-2.0.1.tgz#fac1e3d53b97ad5a9d0ae9cef2389f5810a5c077"
    integrity sha1-+sHj1TuXrVqdCunO8jifWBClwHc=
  
  is-unicode-supported@^0.1.0:
    version "0.1.0"
    resolved "https://registry.nlark.com/is-unicode-supported/download/is-unicode-supported-0.1.0.tgz?cache=0&sync_timestamp=1625294161966&other_urls=https%3A%2F%2Fregistry.nlark.com%2Fis-unicode-supported%2Fdownload%2Fis-unicode-supported-0.1.0.tgz#3f26c76a809593b52bfa2ecb5710ed2779b522a7"
    integrity sha1-PybHaoCVk7Ur+i7LVxDtJ3m1Iqc=
  
  isexe@^2.0.0:
    version "2.0.0"
    resolved "https://registry.nlark.com/isexe/download/isexe-2.0.0.tgz#e8fbf374dc556ff8947a10dcb0572d633f2cfa10"
    integrity sha1-6PvzdNxVb/iUehDcsFctYz8s+hA=
  
  js-yaml@^3.13.1:
    version "3.14.1"
    resolved "https://registry.npm.taobao.org/js-yaml/download/js-yaml-3.14.1.tgz#dae812fdb3825fa306609a8717383c50c36a0537"
    integrity sha1-2ugS/bOCX6MGYJqHFzg8UMNqBTc=
    dependencies:
      argparse "^1.0.7"
      esprima "^4.0.0"
  
  jsonfile@^6.0.1:
    version "6.1.0"
    resolved "https://registry.nlark.com/jsonfile/download/jsonfile-6.1.0.tgz#bc55b2634793c679ec6403094eb13698a6ec0aae"
    integrity sha1-vFWyY0eTxnnsZAMJTrE2mKbsCq4=
    dependencies:
      universalify "^2.0.0"
    optionalDependencies:
      graceful-fs "^4.1.6"
  
  katex@^0.6.0:
    version "0.6.0"
    resolved "https://registry.npmmirror.com/katex/download/katex-0.6.0.tgz#12418e09121c05c92041b6b3b9fb6bab213cb6f3"
    integrity sha1-EkGOCRIcBckgQbazuftrqyE8tvM=
    dependencies:
      match-at "^0.1.0"
  
  kind-of@^6.0.0, kind-of@^6.0.2:
    version "6.0.3"
    resolved "https://registry.npm.taobao.org/kind-of/download/kind-of-6.0.3.tgz#07c05034a6c349fa06e24fa35aa76db4580ce4dd"
    integrity sha1-B8BQNKbDSfoG4k+jWqdttFgM5N0=
  
  klona@^2.0.4:
    version "2.0.5"
    resolved "https://registry.npmmirror.com/klona/download/klona-2.0.5.tgz#d166574d90076395d9963aa7a928fabb8d76afbc"
    integrity sha1-0WZXTZAHY5XZljqnqSj6u412r7w=
  
  linkify-it@^3.0.1:
    version "3.0.3"
    resolved "https://registry.npmmirror.com/linkify-it/download/linkify-it-3.0.3.tgz?cache=0&sync_timestamp=1633116216426&other_urls=https%3A%2F%2Fregistry.npmmirror.com%2Flinkify-it%2Fdownload%2Flinkify-it-3.0.3.tgz#a98baf44ce45a550efb4d49c769d07524cc2fa2e"
    integrity sha1-qYuvRM5FpVDvtNScdp0HUkzC+i4=
    dependencies:
      uc.micro "^1.0.1"
  
  log-symbols@^4.1.0:
    version "4.1.0"
    resolved "https://registry.nlark.com/log-symbols/download/log-symbols-4.1.0.tgz#3fbdbb95b4683ac9fc785111e792e558d4abd503"
    integrity sha1-P727lbRoOsn8eFER55LlWNSr1QM=
    dependencies:
      chalk "^4.1.0"
      is-unicode-supported "^0.1.0"
  
  magic-string@^0.25.7:
    version "0.25.7"
    resolved "https://registry.nlark.com/magic-string/download/magic-string-0.25.7.tgz?cache=0&sync_timestamp=1618847046304&other_urls=https%3A%2F%2Fregistry.nlark.com%2Fmagic-string%2Fdownload%2Fmagic-string-0.25.7.tgz#3f497d6fd34c669c6798dcb821f2ef31f5445051"
    integrity sha1-P0l9b9NMZpxnmNy4IfLvMfVEUFE=
    dependencies:
      sourcemap-codec "^1.4.4"
  
  markdown-it-anchor@^6.0.0:
    version "6.0.1"
    resolved "https://registry.npmmirror.com/markdown-it-anchor/download/markdown-it-anchor-6.0.1.tgz#f54b78757d0b61455faf8ced775b39498bd6d6f9"
    integrity sha1-9Ut4dX0LYUVfr4ztd1s5SYvW1vk=
  
  markdown-it-anchor@^7.0.2:
    version "7.1.0"
    resolved "https://registry.npmmirror.com/markdown-it-anchor/download/markdown-it-anchor-7.1.0.tgz#30fb21497bf59e83ff4d1ddc052d821962e2489e"
    integrity sha1-MPshSXv1noP/TR3cBS2CGWLiSJ4=
  
  markdown-it-anchor@^8.4.1:
    version "8.4.1"
    resolved "https://registry.npmmirror.com/markdown-it-anchor/download/markdown-it-anchor-8.4.1.tgz#29e560593f5edb80b25fdab8b23f93ef8a91b31e"
    integrity sha1-KeVgWT9e24CyX9q4sj+T74qRsx4=
  
  markdown-it-container@^3.0.0:
    version "3.0.0"
    resolved "https://registry.npm.taobao.org/markdown-it-container/download/markdown-it-container-3.0.0.tgz#1d19b06040a020f9a827577bb7dbf67aa5de9a5b"
    integrity sha1-HRmwYECgIPmoJ1d7t9v2eqXemls=
  
  markdown-it-emoji@^2.0.0:
    version "2.0.0"
    resolved "https://registry.npm.taobao.org/markdown-it-emoji/download/markdown-it-emoji-2.0.0.tgz#3164ad4c009efd946e98274f7562ad611089a231"
    integrity sha1-MWStTACe/ZRumCdPdWKtYRCJojE=
  
  markdown-it-katex@^2.0.3:
    version "2.0.3"
    resolved "https://registry.npm.taobao.org/markdown-it-katex/download/markdown-it-katex-2.0.3.tgz#d7b86a1aea0b9d6496fab4e7919a18fdef589c39"
    integrity sha1-17hqGuoLnWSW+rTnkZoY/e9YnDk=
    dependencies:
      katex "^0.6.0"
  
  markdown-it@^12.0.1, markdown-it@^12.0.4:
    version "12.3.0"
    resolved "https://registry.npmmirror.com/markdown-it/download/markdown-it-12.3.0.tgz#11490c61b412b8f41530319c005ecdcd4367171f"
    integrity sha512-T345UZZ6ejQWTjG6PSEHplzNy5m4kF6zvUpHVDv8Snl/pEU0OxIK0jGg8YLVNwJvT8E0YJC7/2UvssJDk/wQCQ==
    dependencies:
      argparse "^2.0.1"
      entities "~2.1.0"
      linkify-it "^3.0.1"
      mdurl "^1.0.1"
      uc.micro "^1.0.5"
  
  markdown-it@^12.2.0:
    version "12.2.0"
    resolved "https://registry.nlark.com/markdown-it/download/markdown-it-12.2.0.tgz#091f720fd5db206f80de7a8d1f1a7035fd0d38db"
    integrity sha1-CR9yD9XbIG+A3nqNHxpwNf0NONs=
    dependencies:
      argparse "^2.0.1"
      entities "~2.1.0"
      linkify-it "^3.0.1"
      mdurl "^1.0.1"
      uc.micro "^1.0.5"
  
  match-at@^0.1.0:
    version "0.1.1"
    resolved "https://registry.nlark.com/match-at/download/match-at-0.1.1.tgz#25d040d291777704d5e6556bbb79230ec2de0540"
    integrity sha1-JdBA0pF3dwTV5lVru3kjDsLeBUA=
  
  mdn-data@2.0.14:
    version "2.0.14"
    resolved "https://registry.npmmirror.com/mdn-data/download/mdn-data-2.0.14.tgz#7113fc4281917d63ce29b43446f701e68c25ba50"
    integrity sha1-cRP8QoGRfWPOKbQ0RvcB5owlulA=
  
  mdurl@^1.0.1:
    version "1.0.1"
    resolved "https://registry.nlark.com/mdurl/download/mdurl-1.0.1.tgz#fe85b2ec75a59037f2adfec100fd6c601761152e"
    integrity sha1-/oWy7HWlkDfyrf7BAP1sYBdhFS4=
  
  medium-zoom@^1.0.6:
    version "1.0.6"
    resolved "https://registry.npm.taobao.org/medium-zoom/download/medium-zoom-1.0.6.tgz#9247f21ca9313d8bbe9420aca153a410df08d027"
    integrity sha1-kkfyHKkxPYu+lCCsoVOkEN8I0Cc=
  
  merge-stream@^2.0.0:
    version "2.0.0"
    resolved "https://registry.npm.taobao.org/merge-stream/download/merge-stream-2.0.0.tgz#52823629a14dd00c9770fb6ad47dc6310f2c1f60"
    integrity sha1-UoI2KaFN0AyXcPtq1H3GMQ8sH2A=
  
  merge2@^1.3.0:
    version "1.4.1"
    resolved "https://registry.npm.taobao.org/merge2/download/merge2-1.4.1.tgz#4368892f885e907455a6fd7dc55c0c9d404990ae"
    integrity sha1-Q2iJL4hekHRVpv19xVwMnUBJkK4=
  
  micromatch@^4.0.4:
    version "4.0.4"
    resolved "https://registry.nlark.com/micromatch/download/micromatch-4.0.4.tgz#896d519dfe9db25fce94ceb7a500919bf881ebf9"
    integrity sha1-iW1Rnf6dsl/OlM63pQCRm/iB6/k=
    dependencies:
      braces "^3.0.1"
      picomatch "^2.2.3"
  
  mimic-fn@^2.1.0:
    version "2.1.0"
    resolved "https://registry.npm.taobao.org/mimic-fn/download/mimic-fn-2.1.0.tgz#7ed2c2ccccaf84d3ffcb7a69b57711fc2083401b"
    integrity sha1-ftLCzMyvhNP/y3pptXcR/CCDQBs=
  
  ms@2.1.2:
    version "2.1.2"
    resolved "https://registry.npmmirror.com/ms/download/ms-2.1.2.tgz#d09d1f357b443f493382a8eb3ccd183872ae6009"
    integrity sha1-0J0fNXtEP0kzgqjrPM0YOHKuYAk=
  
  nanoid@^3.1.30:
    version "3.1.30"
    resolved "https://registry.npmmirror.com/nanoid/download/nanoid-3.1.30.tgz#63f93cc548d2a113dc5dfbc63bfa09e2b9b64362"
    integrity sha1-Y/k8xUjSoRPcXfvGO/oJ4rm2Q2I=
  
  neo-async@^2.6.2:
    version "2.6.2"
    resolved "https://registry.nlark.com/neo-async/download/neo-async-2.6.2.tgz#b4aafb93e3aeb2d8174ca53cf163ab7d7308305f"
    integrity sha1-tKr7k+OustgXTKU88WOrfXMIMF8=
  
  node-releases@^2.0.1:
    version "2.0.1"
    resolved "https://registry.npmmirror.com/node-releases/download/node-releases-2.0.1.tgz?cache=0&sync_timestamp=1634806914912&other_urls=https%3A%2F%2Fregistry.npmmirror.com%2Fnode-releases%2Fdownload%2Fnode-releases-2.0.1.tgz#3d1d395f204f1f2f29a54358b9fb678765ad2fc5"
    integrity sha1-PR05XyBPHy8ppUNYuftnh2WtL8U=
  
  normalize-path@^3.0.0, normalize-path@~3.0.0:
    version "3.0.0"
    resolved "https://registry.npm.taobao.org/normalize-path/download/normalize-path-3.0.0.tgz#0dcd69ff23a1c9b11fd0978316644a0388216a65"
    integrity sha1-Dc1p/yOhybEf0JeDFmRKA4ghamU=
  
  normalize-range@^0.1.2:
    version "0.1.2"
    resolved "https://registry.nlark.com/normalize-range/download/normalize-range-0.1.2.tgz#2d10c06bdfd312ea9777695a4d28439456b75942"
    integrity sha1-LRDAa9/TEuqXd2laTShDlFa3WUI=
  
  npm-run-path@^4.0.1:
    version "4.0.1"
    resolved "https://registry.npmmirror.com/npm-run-path/download/npm-run-path-4.0.1.tgz?cache=0&sync_timestamp=1633420549182&other_urls=https%3A%2F%2Fregistry.npmmirror.com%2Fnpm-run-path%2Fdownload%2Fnpm-run-path-4.0.1.tgz#b7ecd1e5ed53da8e37a55e1c2269e0b97ed748ea"
    integrity sha1-t+zR5e1T2o43pV4cImnguX7XSOo=
    dependencies:
      path-key "^3.0.0"
  
  nprogress@^0.2.0:
    version "0.2.0"
    resolved "https://registry.nlark.com/nprogress/download/nprogress-0.2.0.tgz#cb8f34c53213d895723fcbab907e9422adbcafb1"
    integrity sha1-y480xTIT2JVyP8urkH6UIq28r7E=
  
  onetime@^5.1.0, onetime@^5.1.2:
    version "5.1.2"
    resolved "https://registry.npm.taobao.org/onetime/download/onetime-5.1.2.tgz#d0e96ebb56b07476df1dd9c4806e5237985ca45e"
    integrity sha1-0Oluu1awdHbfHdnEgG5SN5hcpF4=
    dependencies:
      mimic-fn "^2.1.0"
  
  ora@^5.1.0, ora@^5.3.0, ora@^5.4.1:
    version "5.4.1"
    resolved "https://registry.npmmirror.com/ora/download/ora-5.4.1.tgz#1b2678426af4ac4a509008e5e4ac9e9959db9e18"
    integrity sha1-GyZ4Qmr0rEpQkAjl5KyemVnbnhg=
    dependencies:
      bl "^4.1.0"
      chalk "^4.1.0"
      cli-cursor "^3.1.0"
      cli-spinners "^2.5.0"
      is-interactive "^1.0.0"
      is-unicode-supported "^0.1.0"
      log-symbols "^4.1.0"
      strip-ansi "^6.0.0"
      wcwidth "^1.0.1"
  
  path-key@^3.0.0, path-key@^3.1.0:
    version "3.1.1"
    resolved "https://registry.npm.taobao.org/path-key/download/path-key-3.1.1.tgz?cache=0&sync_timestamp=1617971695678&other_urls=https%3A%2F%2Fregistry.npm.taobao.org%2Fpath-key%2Fdownload%2Fpath-key-3.1.1.tgz#581f6ade658cbba65a0d3380de7753295054f375"
    integrity sha1-WB9q3mWMu6ZaDTOA3ndTKVBU83U=
  
  path-parse@^1.0.7:
    version "1.0.7"
    resolved "https://registry.nlark.com/path-parse/download/path-parse-1.0.7.tgz?cache=0&other_urls=https%3A%2F%2Fregistry.nlark.com%2Fpath-parse%2Fdownload%2Fpath-parse-1.0.7.tgz#fbc114b60ca42b30d9daf5858e4bd68bbedb6735"
    integrity sha1-+8EUtgykKzDZ2vWFjkvWi77bZzU=
  
  path-type@^4.0.0:
    version "4.0.0"
    resolved "https://registry.npm.taobao.org/path-type/download/path-type-4.0.0.tgz?cache=0&sync_timestamp=1611752058913&other_urls=https%3A%2F%2Fregistry.npm.taobao.org%2Fpath-type%2Fdownload%2Fpath-type-4.0.0.tgz#84ed01c0a7ba380afe09d90a8c180dcd9d03043b"
    integrity sha1-hO0BwKe6OAr+CdkKjBgNzZ0DBDs=
  
  picocolors@^1.0.0:
    version "1.0.0"
    resolved "https://registry.npmmirror.com/picocolors/download/picocolors-1.0.0.tgz?cache=0&sync_timestamp=1634093378416&other_urls=https%3A%2F%2Fregistry.npmmirror.com%2Fpicocolors%2Fdownload%2Fpicocolors-1.0.0.tgz#cb5bdc74ff3f51892236eaf79d68bc44564ab81c"
    integrity sha1-y1vcdP8/UYkiNur3nWi8RFZKuBw=
  
  picomatch@^2.0.4, picomatch@^2.2.1, picomatch@^2.2.3:
    version "2.3.0"
    resolved "https://registry.nlark.com/picomatch/download/picomatch-2.3.0.tgz?cache=0&sync_timestamp=1621648246651&other_urls=https%3A%2F%2Fregistry.nlark.com%2Fpicomatch%2Fdownload%2Fpicomatch-2.3.0.tgz#f1f061de8f6a4bf022892e2d128234fb98302972"
    integrity sha1-8fBh3o9qS/AiiS4tEoI0+5gwKXI=
  
  postcss-csso@^5.0.1:
    version "5.0.1"
    resolved "https://registry.npm.taobao.org/postcss-csso/download/postcss-csso-5.0.1.tgz#023175280a4a8ff916d7763d3543c1fe55ed67a8"
    integrity sha1-AjF1KApKj/kW13Y9NUPB/lXtZ6g=
    dependencies:
      csso "^4.0.2"
  
  postcss-value-parser@^4.2.0:
    version "4.2.0"
    resolved "https://registry.npmmirror.com/postcss-value-parser/download/postcss-value-parser-4.2.0.tgz#723c09920836ba6d3e5af019f92bc0971c02e514"
    integrity sha512-1NNCs6uurfkVbeXG4S8JFT9t19m45ICnif8zWLd5oPSZ50QnwMfK+H3jv408d4jw/7Bttv5axS5IiHoLaVNHeQ==
  
  postcss@^8.1.10:
    version "8.4.4"
    resolved "https://registry.npmmirror.com/postcss/download/postcss-8.4.4.tgz#d53d4ec6a75fd62557a66bb41978bf47ff0c2869"
    integrity sha512-joU6fBsN6EIer28Lj6GDFoC/5yOZzLCfn0zHAn/MYXI7aPt4m4hK5KC5ovEZXy+lnCjmYIbQWngvju2ddyEr8Q==
    dependencies:
      nanoid "^3.1.30"
      picocolors "^1.0.0"
      source-map-js "^1.0.1"
  
  postcss@^8.4.4, postcss@^8.4.5:
    version "8.4.5"
    resolved "https://registry.npmmirror.com/postcss/download/postcss-8.4.5.tgz#bae665764dfd4c6fcc24dc0fdf7e7aa00cc77f95"
    integrity sha512-jBDboWM8qpaqwkMwItqTQTiFikhs/67OYVvblFFTM7MrZjt6yMKd6r2kgXizEbTTljacm4NldIlZnhbjr84QYg==
    dependencies:
      nanoid "^3.1.30"
      picocolors "^1.0.0"
      source-map-js "^1.0.1"
  
  preact@^10.0.0:
    version "10.6.4"
    resolved "https://registry.npmmirror.com/preact/download/preact-10.6.4.tgz#ad12c409ff1b4316158486e0a7b8d43636f7ced8"
    integrity sha512-WyosM7pxGcndU8hY0OQlLd54tOU+qmG45QXj2dAYrL11HoyU/EzOSTlpJsirbBr1QW7lICxSsVJJmcmUglovHQ==
  
  prismjs@^1.22.0, prismjs@^1.23.0, prismjs@^1.25.0:
    version "1.25.0"
    resolved "https://registry.npmmirror.com/prismjs/download/prismjs-1.25.0.tgz#6f822df1bdad965734b310b315a23315cf999756"
    integrity sha512-WCjJHl1KEWbnkQom1+SzftbtXMKQoezOCYs5rECqMN+jP+apI7ftoflyqigqzopSO3hMhTEb0mFClA8lkolgEg==
  
  queue-microtask@^1.2.2:
    version "1.2.3"
    resolved "https://registry.npm.taobao.org/queue-microtask/download/queue-microtask-1.2.3.tgz#4929228bbc724dfac43e0efb058caf7b6cfb6243"
    integrity sha1-SSkii7xyTfrEPg77BYyve2z7YkM=
  
  readable-stream@^3.4.0:
    version "3.6.0"
    resolved "https://registry.npm.taobao.org/readable-stream/download/readable-stream-3.6.0.tgz#337bbda3adc0706bd3e024426a286d4b4b2c9198"
    integrity sha1-M3u9o63AcGvT4CRCaihtS0sskZg=
    dependencies:
      inherits "^2.0.3"
      string_decoder "^1.1.1"
      util-deprecate "^1.0.1"
  
  readdirp@~3.6.0:
    version "3.6.0"
    resolved "https://registry.npm.taobao.org/readdirp/download/readdirp-3.6.0.tgz?cache=0&sync_timestamp=1615717369278&other_urls=https%3A%2F%2Fregistry.npm.taobao.org%2Freaddirp%2Fdownload%2Freaddirp-3.6.0.tgz#74a370bd857116e245b29cc97340cd431a02a6c7"
    integrity sha1-dKNwvYVxFuJFspzJc0DNQxoCpsc=
    dependencies:
      picomatch "^2.2.1"
  
  resize-observer-polyfill@^1.5.1:
    version "1.5.1"
    resolved "https://registry.npm.taobao.org/resize-observer-polyfill/download/resize-observer-polyfill-1.5.1.tgz#0e9020dd3d21024458d4ebd27e23e40269810464"
    integrity sha1-DpAg3T0hAkRY1OvSfiPkAmmBBGQ=
  
  resolve@^1.20.0:
    version "1.21.0"
    resolved "https://registry.npmmirror.com/resolve/download/resolve-1.21.0.tgz#b51adc97f3472e6a5cf4444d34bc9d6b9037591f"
    integrity sha512-3wCbTpk5WJlyE4mSOtDLhqQmGFi0/TD9VPwmiolnk8U0wRgMEktqCXd3vy5buTO3tljvalNvKrjHEfrd2WpEKA==
    dependencies:
      is-core-module "^2.8.0"
      path-parse "^1.0.7"
      supports-preserve-symlinks-flag "^1.0.0"
  
  restore-cursor@^3.1.0:
    version "3.1.0"
    resolved "https://registry.nlark.com/restore-cursor/download/restore-cursor-3.1.0.tgz?cache=0&sync_timestamp=1629746923086&other_urls=https%3A%2F%2Fregistry.nlark.com%2Frestore-cursor%2Fdownload%2Frestore-cursor-3.1.0.tgz#39f67c54b3a7a58cea5236d95cf0034239631f7e"
    integrity sha1-OfZ8VLOnpYzqUjbZXPADQjljH34=
    dependencies:
      onetime "^5.1.0"
      signal-exit "^3.0.2"
  
  reusify@^1.0.4:
    version "1.0.4"
    resolved "https://registry.npm.taobao.org/reusify/download/reusify-1.0.4.tgz#90da382b1e126efc02146e90845a88db12925d76"
    integrity sha1-kNo4Kx4SbvwCFG6QhFqI2xKSXXY=
  
  rollup@^2.59.0, rollup@^2.60.2:
    version "2.63.0"
    resolved "https://registry.npmmirror.com/rollup/download/rollup-2.63.0.tgz#fe2f7fec2133f3fab9e022b9ac245628d817c6bb"
    integrity sha512-nps0idjmD+NXl6OREfyYXMn/dar3WGcyKn+KBzPdaLecub3x/LrId0wUcthcr8oZUAcZAR8NKcfGGFlNgGL1kQ==
    optionalDependencies:
      fsevents "~2.3.2"
  
  run-parallel@^1.1.9:
    version "1.2.0"
    resolved "https://registry.npm.taobao.org/run-parallel/download/run-parallel-1.2.0.tgz?cache=0&sync_timestamp=1612925943325&other_urls=https%3A%2F%2Fregistry.npm.taobao.org%2Frun-parallel%2Fdownload%2Frun-parallel-1.2.0.tgz#66d1368da7bdf921eb9d95bd1a9229e7f21a43ee"
    integrity sha1-ZtE2jae9+SHrnZW9GpIp5/IaQ+4=
    dependencies:
      queue-microtask "^1.2.2"
  
  safe-buffer@~5.2.0:
    version "5.2.1"
    resolved "https://registry.npm.taobao.org/safe-buffer/download/safe-buffer-5.2.1.tgz#1eaf9fa9bdb1fdd4ec75f58f9cdb4e6b7827eec6"
    integrity sha1-Hq+fqb2x/dTsdfWPnNtOa3gn7sY=
  
  sass-loader@^12.4.0:
    version "12.4.0"
    resolved "https://registry.npmmirror.com/sass-loader/download/sass-loader-12.4.0.tgz#260b0d51a8a373bb8e88efc11f6ba5583fea0bcf"
    integrity sha512-7xN+8khDIzym1oL9XyS6zP6Ges+Bo2B2xbPrjdMHEYyV3AQYhd/wXeru++3ODHF0zMjYmVadblSKrPrjEkL8mg==
    dependencies:
      klona "^2.0.4"
      neo-async "^2.6.2"
  
  sass@^1.44.0:
    version "1.45.2"
    resolved "https://registry.npmmirror.com/sass/download/sass-1.45.2.tgz#130b428c1692201cfa181139835d6fc378a33323"
    integrity sha512-cKfs+F9AMPAFlbbTXNsbGvg3y58nV0mXA3E94jqaySKcC8Kq3/8983zVKQ0TLMUrHw7hF9Tnd3Bz9z5Xgtrl9g==
    dependencies:
      chokidar ">=3.0.0 <4.0.0"
      immutable "^4.0.0"
      source-map-js ">=0.6.2 <2.0.0"
  
  section-matter@^1.0.0:
    version "1.0.0"
    resolved "https://registry.npm.taobao.org/section-matter/download/section-matter-1.0.0.tgz#e9041953506780ec01d59f292a19c7b850b84167"
    integrity sha1-6QQZU1BngOwB1Z8pKhnHuFC4QWc=
    dependencies:
      extend-shallow "^2.0.1"
      kind-of "^6.0.0"
  
  shebang-command@^2.0.0:
    version "2.0.0"
    resolved "https://registry.npm.taobao.org/shebang-command/download/shebang-command-2.0.0.tgz#ccd0af4f8835fbdc265b82461aaf0c36663f34ea"
    integrity sha1-zNCvT4g1+9wmW4JGGq8MNmY/NOo=
    dependencies:
      shebang-regex "^3.0.0"
  
  shebang-regex@^3.0.0:
    version "3.0.0"
    resolved "https://registry.nlark.com/shebang-regex/download/shebang-regex-3.0.0.tgz?cache=0&sync_timestamp=1628896299850&other_urls=https%3A%2F%2Fregistry.nlark.com%2Fshebang-regex%2Fdownload%2Fshebang-regex-3.0.0.tgz#ae16f1644d873ecad843b0307b143362d4c42172"
    integrity sha1-rhbxZE2HPsrYQ7AwexQzYtTEIXI=
  
  signal-exit@^3.0.2, signal-exit@^3.0.3:
    version "3.0.6"
    resolved "https://registry.npmmirror.com/signal-exit/download/signal-exit-3.0.6.tgz#24e630c4b0f03fea446a2bd299e62b4a6ca8d0af"
    integrity sha512-sDl4qMFpijcGw22U5w63KmD3cZJfBuFlVNbVMKje2keoKML7X2UzWbc4XrmEbDwg0NXJc3yv4/ox7b+JWb57kQ==
  
  slash@^3.0.0:
    version "3.0.0"
    resolved "https://registry.nlark.com/slash/download/slash-3.0.0.tgz#6539be870c165adbd5240220dbe361f1bc4d4634"
    integrity sha1-ZTm+hwwWWtvVJAIg2+Nh8bxNRjQ=
  
  "source-map-js@>=0.6.2 <2.0.0", source-map-js@^1.0.1:
    version "1.0.1"
    resolved "https://registry.npmmirror.com/source-map-js/download/source-map-js-1.0.1.tgz?cache=0&sync_timestamp=1636400772640&other_urls=https%3A%2F%2Fregistry.npmmirror.com%2Fsource-map-js%2Fdownload%2Fsource-map-js-1.0.1.tgz#a1741c131e3c77d048252adfa24e23b908670caf"
    integrity sha512-4+TN2b3tqOCd/kaGRJ/sTYA0tR0mdXx26ipdolxcwtJVqEnqNYvlCAt1q3ypy4QMlYus+Zh34RNtYLoq2oQ4IA==
  
  source-map@^0.6.1:
    version "0.6.1"
    resolved "https://registry.npm.taobao.org/source-map/download/source-map-0.6.1.tgz#74722af32e9614e9c287a8d0bbde48b5e2f1a263"
    integrity sha1-dHIq8y6WFOnCh6jQu95IteLxomM=
  
  sourcemap-codec@^1.4.4:
    version "1.4.8"
    resolved "https://registry.npm.taobao.org/sourcemap-codec/download/sourcemap-codec-1.4.8.tgz#ea804bd94857402e6992d05a38ef1ae35a9ab4c4"
    integrity sha1-6oBL2UhXQC5pktBaOO8a41qatMQ=
  
  sprintf-js@~1.0.2:
    version "1.0.3"
    resolved "https://registry.npm.taobao.org/sprintf-js/download/sprintf-js-1.0.3.tgz#04e6926f662895354f3dd015203633b857297e2c"
    integrity sha1-BOaSb2YolTVPPdAVIDYzuFcpfiw=
  
  string_decoder@^1.1.1:
    version "1.3.0"
    resolved "https://registry.nlark.com/string_decoder/download/string_decoder-1.3.0.tgz#42f114594a46cf1a8e30b0a84f56c78c3edac21e"
    integrity sha1-QvEUWUpGzxqOMLCoT1bHjD7awh4=
    dependencies:
      safe-buffer "~5.2.0"
  
  strip-ansi@^6.0.0:
    version "6.0.1"
    resolved "https://registry.npmmirror.com/strip-ansi/download/strip-ansi-6.0.1.tgz#9e26c63d30f53443e9489495b2105d37b67a85d9"
    integrity sha1-nibGPTD1NEPpSJSVshBdN7Z6hdk=
    dependencies:
      ansi-regex "^5.0.1"
  
  strip-bom-string@^1.0.0:
    version "1.0.0"
    resolved "https://registry.npm.taobao.org/strip-bom-string/download/strip-bom-string-1.0.0.tgz#e5211e9224369fbb81d633a2f00044dc8cedad92"
    integrity sha1-5SEekiQ2n7uB1jOi8ABE3IztrZI=
  
  strip-final-newline@^2.0.0:
    version "2.0.0"
    resolved "https://registry.nlark.com/strip-final-newline/download/strip-final-newline-2.0.0.tgz#89b852fb2fcbe936f6f4b3187afb0a12c1ab58ad"
    integrity sha1-ibhS+y/L6Tb29LMYevsKEsGrWK0=
  
  supports-color@^7.1.0:
    version "7.2.0"
    resolved "https://registry.npmmirror.com/supports-color/download/supports-color-7.2.0.tgz#1b7dcdcb32b8138801b3e478ba6a51caa89648da"
    integrity sha1-G33NyzK4E4gBs+R4umpRyqiWSNo=
    dependencies:
      has-flag "^4.0.0"
  
  supports-preserve-symlinks-flag@^1.0.0:
    version "1.0.0"
    resolved "https://registry.npmmirror.com/supports-preserve-symlinks-flag/download/supports-preserve-symlinks-flag-1.0.0.tgz#6eda4bd344a3c94aea376d4cc31bc77311039e09"
    integrity sha512-ot0WnXS9fgdkgIcePe6RHNk1WA8+muPa6cSjeR3V8K27q9BB1rTE3R1p7Hv0z1ZyAc8s6Vvv8DIyWf681MAt0w==
  
  to-regex-range@^5.0.1:
    version "5.0.1"
    resolved "https://registry.npm.taobao.org/to-regex-range/download/to-regex-range-5.0.1.tgz#1648c44aae7c8d988a326018ed72f5b4dd0392e4"
    integrity sha1-FkjESq58jZiKMmAY7XL1tN0DkuQ=
    dependencies:
      is-number "^7.0.0"
  
  toml@^3.0.0:
    version "3.0.0"
    resolved "https://registry.npm.taobao.org/toml/download/toml-3.0.0.tgz#342160f1af1904ec9d204d03a5d61222d762c5ee"
    integrity sha1-NCFg8a8ZBOydIE0DpdYSItdixe4=
  
  ts-debounce@^4.0.0:
    version "4.0.0"
    resolved "https://registry.npmmirror.com/ts-debounce/download/ts-debounce-4.0.0.tgz#33440ef64fab53793c3d546a8ca6ae539ec15841"
    integrity sha512-+1iDGY6NmOGidq7i7xZGA4cm8DAa6fqdYcvO5Z6yBevH++Bdo9Qt/mN0TzHUgcCcKv1gmh9+W5dHqz8pMWbCbg==
  
  uc.micro@^1.0.1, uc.micro@^1.0.5:
    version "1.0.6"
    resolved "https://registry.npm.taobao.org/uc.micro/download/uc.micro-1.0.6.tgz#9c411a802a409a91fc6cf74081baba34b24499ac"
    integrity sha1-nEEagCpAmpH8bPdAgbq6NLJEmaw=
  
  universalify@^2.0.0:
    version "2.0.0"
    resolved "https://registry.npm.taobao.org/universalify/download/universalify-2.0.0.tgz?cache=0&sync_timestamp=1603179967633&other_urls=https%3A%2F%2Fregistry.npm.taobao.org%2Funiversalify%2Fdownload%2Funiversalify-2.0.0.tgz#75a4984efedc4b08975c5aeb73f530d02df25717"
    integrity sha1-daSYTv7cSwiXXFrrc/Uw0C3yVxc=
  
  upath@^1.2.0:
    version "1.2.0"
    resolved "https://registry.nlark.com/upath/download/upath-1.2.0.tgz#8f66dbcd55a883acdae4408af8b035a5044c1894"
    integrity sha1-j2bbzVWog6za5ECK+LA1pQRMGJQ=
  
  upath@^2.0.1:
    version "2.0.1"
    resolved "https://registry.npm.taobao.org/upath/download/upath-2.0.1.tgz#50c73dea68d6f6b990f51d279ce6081665d61a8b"
    integrity sha1-UMc96mjW9rmQ9R0nnOYIFmXWGos=
  
  util-deprecate@^1.0.1:
    version "1.0.2"
    resolved "https://registry.nlark.com/util-deprecate/download/util-deprecate-1.0.2.tgz#450d4dc9fa70de732762fbd2d4a28981419a0ccf"
    integrity sha1-RQ1Nyfpw3nMnYvvS1KKJgUGaDM8=
  
  vite@^2.7.1:
    version "2.7.10"
    resolved "https://registry.npmmirror.com/vite/download/vite-2.7.10.tgz#d12c4c10e56a0ecf7890cb529c15996c6111218f"
    integrity sha512-KEY96ntXUid1/xJihJbgmLZx7QSC2D4Tui0FdS0Old5OokYzFclcofhtxtjDdGOk/fFpPbHv9yw88+rB93Tb8w==
    dependencies:
      esbuild "^0.13.12"
      postcss "^8.4.5"
      resolve "^1.20.0"
      rollup "^2.59.0"
    optionalDependencies:
      fsevents "~2.3.2"
  
  vue-demi@*:
    version "0.12.1"
    resolved "https://registry.npmmirror.com/vue-demi/download/vue-demi-0.12.1.tgz#f7e18efbecffd11ab069d1472d7a06e319b4174c"
    integrity sha1-9+GO++z/0RqwadFHLXoG4xm0F0w=
  
  vue-router@4.0.0-rc.5:
    version "4.0.0-rc.5"
    resolved "https://registry.npmmirror.com/vue-router/download/vue-router-4.0.0-rc.5.tgz#191d32e3d5276641ff21e881d34e33a71dc6e8f0"
    integrity sha512-Q8Tt6VGwGMN5qASeIdjSydU3uRADK9AUkqnbnzmTz+zZKS0W6GZOAuP235lf3y5/MqEFSKRJGaTWPEY0t+Rjmg==
  
  vue-router@^4.0.12, vue-router@^4.0.3:
    version "4.0.12"
    resolved "https://registry.npmmirror.com/vue-router/download/vue-router-4.0.12.tgz#8dc792cddf5bb1abcc3908f9064136de7e13c460"
    integrity sha1-jceSzd9bsavMOQj5BkE23n4TxGA=
    dependencies:
      "@vue/devtools-api" "^6.0.0-beta.18"
  
  vue@^3.0.0, vue@^3.0.5, vue@^3.2.24:
    version "3.2.26"
    resolved "https://registry.npmmirror.com/vue/download/vue-3.2.26.tgz#5db575583ecae495c7caa5c12fd590dffcbb763e"
    integrity sha512-KD4lULmskL5cCsEkfhERVRIOEDrfEL9CwAsLYpzptOGjaGFNWo3BQ9g8MAb7RaIO71rmVOziZ/uEN/rHwcUIhg==
    dependencies:
      "@vue/compiler-dom" "3.2.26"
      "@vue/compiler-sfc" "3.2.26"
      "@vue/runtime-dom" "3.2.26"
      "@vue/server-renderer" "3.2.26"
      "@vue/shared" "3.2.26"
  
  vuepress-vite@2.0.0-beta.32:
    version "2.0.0-beta.32"
    resolved "https://registry.npmmirror.com/vuepress-vite/download/vuepress-vite-2.0.0-beta.32.tgz#2db9ba918c159988bec0f832b960d73f9b47c033"
    integrity sha512-xmCV2D1SZmKEVDvvSmDhSktW8fqDTpP9HY4yQHiTqU/z0sUE/078qB7aeTQP0fvtrlHuTXSRX3yj/Z62kAYQxg==
    dependencies:
      "@vuepress/bundler-vite" "2.0.0-beta.32"
      "@vuepress/cli" "2.0.0-beta.32"
      "@vuepress/core" "2.0.0-beta.32"
      "@vuepress/theme-default" "2.0.0-beta.32"
  
  vuepress@^2.0.0-beta.32:
    version "2.0.0-beta.32"
    resolved "https://registry.npmmirror.com/vuepress/download/vuepress-2.0.0-beta.32.tgz#819b0ad0028a9619697d8a5c3e15abfd8f704f0b"
    integrity sha512-d0M0FgDcHE6junWEgMIrgvOvtmKYNfswDzqnAm6bwAjpi6kWQ5ojfIsB2/z9wsm8kgMk9Bdg3HsmleiwKwZTuQ==
    dependencies:
      vuepress-vite "2.0.0-beta.32"
  
  wcwidth@^1.0.1:
    version "1.0.1"
    resolved "https://registry.npm.taobao.org/wcwidth/download/wcwidth-1.0.1.tgz#f0b0dcf915bc5ff1528afadb2c0e17b532da2fe8"
    integrity sha1-8LDc+RW8X/FSivrbLA4XtTLaL+g=
    dependencies:
      defaults "^1.0.3"
  
  which@^2.0.1:
    version "2.0.2"
    resolved "https://registry.npm.taobao.org/which/download/which-2.0.2.tgz#7c6a8dd0a636a0327e10b59c9286eee93f3f51b1"
    integrity sha1-fGqN0KY2oDJ+ELWckobu6T8/UbE=
    dependencies:
      isexe "^2.0.0"
